# Logfile created on Thu Sep 10 17:04:42 +0200 2009  [4;36;1mSQL (0.2ms)[0m   [0;1mSET SQL_AUTO_IS_NULL=0[0m
  [4;35;1mSQL (0.5ms)[0m   [0mSHOW TABLES[0m
  [4;36;1mPage Columns (2.9ms)[0m   [0;1mSHOW FIELDS FROM `pages`[0m
  [4;35;1mSQL (0.7ms)[0m   [0mSELECT DISTINCT class_name FROM pages WHERE class_name <> '' AND class_name IS NOT NULL[0m
  [4;36;1mSQL (0.1ms)[0m   [0;1mSET SQL_AUTO_IS_NULL=0[0m


Processing SiteController#show_page (for 127.0.0.1 at 2009-09-10 17:04:48) [GET]
  Parameters: {"action"=>"show_page", "url"=>"/", "controller"=>"site"}
  [4;35;1mSQL (0.8ms)[0m   [0mSHOW TABLES[0m
Cache read: Radiant.cache_file
Cache write: Radiant.cache_file
Cache write: Radiant.cache_file
  [4;36;1mRadiant::Config Load (0.4ms)[0m   [0;1mSELECT * FROM `config` [0m
  [4;35;1mRadiant::Config Columns (2.4ms)[0m   [0mSHOW FIELDS FROM `config`[0m
Cache write: Radiant::Config
Cache read: Radiant.cache_file
Cache write: Radiant.cache_mtime
Cache read: Radiant.cache_file
Cache read: Radiant.cache_file
Cache read: Radiant.cache_mtime
Cache read: Radiant.cache_file
Cache read: Radiant::Config
  [4;36;1mSQL (4.9ms)[0m   [0;1mSHOW TABLES[0m
Cache read: Radiant.cache_file
Cache read: Radiant.cache_file
Cache read: Radiant.cache_file
Cache read: Radiant.cache_file
Cache read: Radiant.cache_mtime
Cache read: Radiant.cache_file
Cache read: Radiant::Config
  [4;35;1mPage Load (0.5ms)[0m   [0mSELECT * FROM `pages` WHERE (`pages`.`parent_id` IS NULL) LIMIT 1[0m
  [4;36;1mLayout Columns (2.2ms)[0m   [0;1mSHOW FIELDS FROM `layouts`[0m
  [4;35;1mLayout Load (1.3ms)[0m   [0mSELECT * FROM `layouts` WHERE (`layouts`.`id` = 1) ORDER BY name[0m
  [4;36;1mSnippet Columns (2.2ms)[0m   [0;1mSHOW FIELDS FROM `snippets`[0m
  [4;35;1mSnippet Load (0.4ms)[0m   [0mSELECT * FROM `snippets` WHERE (`snippets`.`name` = 'header') ORDER BY name LIMIT 1[0m
  [4;36;1mSnippet Load (0.4ms)[0m   [0;1mSELECT * FROM `snippets` WHERE (`snippets`.`name` = 'navigation') ORDER BY name LIMIT 1[0m
  [4;35;1mPagePart Load (0.7ms)[0m   [0mSELECT * FROM `page_parts` WHERE (`page_parts`.page_id = 1) ORDER BY id, name[0m
  [4;36;1mPagePart Columns (2.0ms)[0m   [0;1mSHOW FIELDS FROM `page_parts`[0m
  [4;35;1mPagePart Load (1.1ms)[0m   [0mSELECT * FROM `page_parts` WHERE (`page_parts`.`name` = 'body') AND (`page_parts`.page_id = 1) ORDER BY id LIMIT 1[0m
  [4;36;1mSnippet Load (0.6ms)[0m   [0;1mSELECT * FROM `snippets` WHERE (`snippets`.`name` = 'articles') ORDER BY name LIMIT 1[0m
  [4;35;1mCACHE (0.0ms)[0m   [0mSELECT * FROM `pages` WHERE (`pages`.`parent_id` IS NULL) LIMIT 1[0m
  [4;36;1mPage Load (2.1ms)[0m   [0;1mSELECT * FROM `pages` WHERE (`pages`.`slug` = 'news') AND (`pages`.parent_id = 1) ORDER BY virtual DESC, title ASC LIMIT 1[0m
  [4;35;1mArchivePage Columns (2.1ms)[0m   [0mSHOW FIELDS FROM `pages`[0m
  [4;36;1mPage Load (2.0ms)[0m   [0;1mSELECT * FROM `pages` WHERE (`pages`.`id` = 1) [0m
  [4;35;1mSQL (0.6ms)[0m   [0mSHOW TABLES[0m
Cache read: Radiant.cache_file
Cache read: Radiant.cache_file
Cache read: Radiant.cache_file
Cache read: Radiant.cache_file
Cache read: Radiant.cache_mtime
Cache read: Radiant.cache_file
Cache read: Radiant::Config
  [4;36;1mPage Load (0.6ms)[0m   [0;1mSELECT * FROM `pages` WHERE (`pages`.parent_id = 4 AND ((virtual = 0) and (status_id = 100))) ORDER BY published_at DESC, virtual DESC, title ASC LIMIT 3[0m
  [4;35;1mPage Load (0.5ms)[0m   [0mSELECT * FROM `pages` WHERE (`pages`.`id` = 4) [0m
  [4;36;1mCACHE (0.0ms)[0m   [0;1mSELECT * FROM `pages` WHERE (`pages`.`id` = 1) [0m
  [4;35;1mUser Columns (371.6ms)[0m   [0mSHOW FIELDS FROM `users`[0m
  [4;36;1mUser Load (0.6ms)[0m   [0;1mSELECT * FROM `users` WHERE (`users`.`id` = 1) ORDER BY name[0m
  [4;35;1mPagePart Load (0.6ms)[0m   [0mSELECT * FROM `page_parts` WHERE (`page_parts`.page_id = 8) ORDER BY id, name[0m
  [4;36;1mPagePart Load (0.7ms)[0m   [0;1mSELECT * FROM `page_parts` WHERE (`page_parts`.`name` = 'summary') AND (`page_parts`.page_id = 8) ORDER BY id LIMIT 1[0m
  [4;35;1mCACHE (0.0ms)[0m   [0mSELECT * FROM `pages` WHERE (`pages`.`id` = 4) [0m
  [4;36;1mCACHE (0.0ms)[0m   [0;1mSELECT * FROM `pages` WHERE (`pages`.`id` = 1) [0m
  [4;35;1mCACHE (0.0ms)[0m   [0mSELECT * FROM `users` WHERE (`users`.`id` = 1) ORDER BY name[0m
  [4;36;1mPagePart Load (0.6ms)[0m   [0;1mSELECT * FROM `page_parts` WHERE (`page_parts`.page_id = 6) ORDER BY id, name[0m
  [4;35;1mPagePart Load (0.3ms)[0m   [0mSELECT * FROM `page_parts` WHERE (`page_parts`.`name` = 'summary') AND (`page_parts`.page_id = 6) ORDER BY id LIMIT 1[0m
  [4;36;1mCACHE (0.0ms)[0m   [0;1mSELECT * FROM `pages` WHERE (`pages`.`id` = 4) [0m
  [4;35;1mCACHE (0.0ms)[0m   [0mSELECT * FROM `pages` WHERE (`pages`.`id` = 1) [0m
  [4;36;1mCACHE (0.0ms)[0m   [0;1mSELECT * FROM `users` WHERE (`users`.`id` = 1) ORDER BY name[0m
  [4;35;1mPagePart Load (1.1ms)[0m   [0mSELECT * FROM `page_parts` WHERE (`page_parts`.page_id = 5) ORDER BY id, name[0m
  [4;36;1mPagePart Load (0.6ms)[0m   [0;1mSELECT * FROM `page_parts` WHERE (`page_parts`.`name` = 'summary') AND (`page_parts`.page_id = 5) ORDER BY id LIMIT 1[0m
  [4;35;1mSnippet Load (0.5ms)[0m   [0mSELECT * FROM `snippets` WHERE (`snippets`.`name` = 'comments_summary') ORDER BY name LIMIT 1[0m
  [4;36;1mPagePart Load (0.5ms)[0m   [0;1mSELECT * FROM `page_parts` WHERE (`page_parts`.`name` = 'extended') AND (`page_parts`.page_id = 1) ORDER BY id LIMIT 1[0m
  [4;35;1mCACHE (0.0ms)[0m   [0mSELECT * FROM `page_parts` WHERE (`page_parts`.`name` = 'extended') AND (`page_parts`.page_id = 1) ORDER BY id LIMIT 1[0m
  [4;36;1mPagePart Load (0.4ms)[0m   [0;1mSELECT * FROM `page_parts` WHERE (`page_parts`.`name` = 'sidebar') AND (`page_parts`.page_id = 1) ORDER BY id LIMIT 1[0m
  [4;35;1mCACHE (0.0ms)[0m   [0mSELECT * FROM `page_parts` WHERE (`page_parts`.`name` = 'sidebar') AND (`page_parts`.page_id = 1) ORDER BY id LIMIT 1[0m
  [4;36;1mSnippet Load (0.3ms)[0m   [0;1mSELECT * FROM `snippets` WHERE (`snippets`.`name` = 'newsletter') ORDER BY name LIMIT 1[0m
  [4;35;1mSnippet Load (0.5ms)[0m   [0mSELECT * FROM `snippets` WHERE (`snippets`.`name` = 'rss') ORDER BY name LIMIT 1[0m
  [4;36;1mSnippet Load (8.3ms)[0m   [0;1mSELECT * FROM `snippets` WHERE (`snippets`.`name` = 'footer') ORDER BY name LIMIT 1[0m
Completed in 1097ms (DB: 414) | 200 [http://localhost/]
  [4;35;1mSQL (0.5ms)[0m   [0mSHOW TABLES[0m
  [4;36;1mPage Columns (2.3ms)[0m   [0;1mSHOW FIELDS FROM `pages`[0m
  [4;35;1mSQL (0.4ms)[0m   [0mSELECT DISTINCT class_name FROM pages WHERE class_name <> '' AND class_name IS NOT NULL[0m
  [4;36;1mSQL (0.1ms)[0m   [0;1mSET SQL_AUTO_IS_NULL=0[0m


Processing SiteController#show_page (for 127.0.0.1 at 2009-09-10 17:04:50) [GET]
  Parameters: {"action"=>"show_page", "url"=>["reset.css"], "controller"=>"site"}
  [4;35;1mSQL (0.8ms)[0m   [0mSHOW TABLES[0m
Cache read: Radiant.cache_file
Cache read: Radiant.cache_file
Cache read: Radiant.cache_file
Cache read: Radiant.cache_file
Cache read: Radiant.cache_mtime
Cache read: Radiant.cache_file
Cache read: Radiant::Config
  [4;36;1mSQL (0.7ms)[0m   [0;1mSHOW TABLES[0m
Cache read: Radiant.cache_file
Cache read: Radiant.cache_file
Cache read: Radiant.cache_file
Cache read: Radiant.cache_file
Cache read: Radiant.cache_mtime
Cache read: Radiant.cache_file
Cache read: Radiant::Config
  [4;35;1mPage Load (2.1ms)[0m   [0mSELECT * FROM `pages` WHERE (`pages`.`parent_id` IS NULL) LIMIT 1[0m
  [4;36;1mPage Load (0.8ms)[0m   [0;1mSELECT * FROM `pages` WHERE (`pages`.`slug` = 'reset.css') AND (`pages`.parent_id = 1) ORDER BY virtual DESC, title ASC LIMIT 1[0m
  [4;35;1mPage Load (0.3ms)[0m   [0mSELECT * FROM `pages` WHERE (`pages`.`id` = 1) [0m
  [4;36;1mLayout Columns (2.1ms)[0m   [0;1mSHOW FIELDS FROM `layouts`[0m
  [4;35;1mLayout Load (0.3ms)[0m   [0mSELECT * FROM `layouts` WHERE (`layouts`.`id` = 2) ORDER BY name[0m
  [4;36;1mPagePart Load (0.6ms)[0m   [0;1mSELECT * FROM `page_parts` WHERE (`page_parts`.page_id = 14) ORDER BY id, name[0m
  [4;35;1mPagePart Columns (1.8ms)[0m   [0mSHOW FIELDS FROM `page_parts`[0m
  [4;36;1mPagePart Load (0.6ms)[0m   [0;1mSELECT * FROM `page_parts` WHERE (`page_parts`.`name` = 'body') AND (`page_parts`.page_id = 14) ORDER BY id LIMIT 1[0m
Completed in 73ms (DB: 10) | 200 [http://localhost/reset.css]
  [4;35;1mSQL (0.4ms)[0m   [0mSHOW TABLES[0m
  [4;36;1mPage Columns (2.9ms)[0m   [0;1mSHOW FIELDS FROM `pages`[0m
  [4;35;1mSQL (0.4ms)[0m   [0mSELECT DISTINCT class_name FROM pages WHERE class_name <> '' AND class_name IS NOT NULL[0m
  [4;36;1mSQL (0.1ms)[0m   [0;1mSET SQL_AUTO_IS_NULL=0[0m


Processing SiteController#show_page (for 127.0.0.1 at 2009-09-10 17:04:50) [GET]
  Parameters: {"action"=>"show_page", "url"=>["styles.css"], "controller"=>"site"}
  [4;35;1mSQL (0.6ms)[0m   [0mSHOW TABLES[0m
Cache read: Radiant.cache_file
Cache read: Radiant.cache_file
Cache read: Radiant.cache_file
Cache read: Radiant.cache_file
Cache read: Radiant.cache_mtime
Cache read: Radiant.cache_file
Cache read: Radiant::Config
  [4;36;1mSQL (0.6ms)[0m   [0;1mSHOW TABLES[0m
Cache read: Radiant.cache_file
Cache read: Radiant.cache_file
Cache read: Radiant.cache_file
Cache read: Radiant.cache_file
Cache read: Radiant.cache_mtime
Cache read: Radiant.cache_file
Cache read: Radiant::Config
  [4;35;1mPage Load (0.6ms)[0m   [0mSELECT * FROM `pages` WHERE (`pages`.`parent_id` IS NULL) LIMIT 1[0m
  [4;36;1mPage Load (0.9ms)[0m   [0;1mSELECT * FROM `pages` WHERE (`pages`.`slug` = 'styles.css') AND (`pages`.parent_id = 1) ORDER BY virtual DESC, title ASC LIMIT 1[0m
  [4;35;1mPage Load (0.4ms)[0m   [0mSELECT * FROM `pages` WHERE (`pages`.`id` = 1) [0m
  [4;36;1mLayout Columns (2.7ms)[0m   [0;1mSHOW FIELDS FROM `layouts`[0m
  [4;35;1mLayout Load (0.5ms)[0m   [0mSELECT * FROM `layouts` WHERE (`layouts`.`id` = 2) ORDER BY name[0m
  [4;36;1mPagePart Load (0.8ms)[0m   [0;1mSELECT * FROM `page_parts` WHERE (`page_parts`.page_id = 7) ORDER BY id, name[0m
  [4;35;1mPagePart Columns (2.2ms)[0m   [0mSHOW FIELDS FROM `page_parts`[0m
  [4;36;1mPagePart Load (0.6ms)[0m   [0;1mSELECT * FROM `page_parts` WHERE (`page_parts`.`name` = 'body') AND (`page_parts`.page_id = 7) ORDER BY id LIMIT 1[0m
Completed in 76ms (DB: 10) | 200 [http://localhost/styles.css]
  [4;35;1mSQL (0.8ms)[0m   [0mSHOW TABLES[0m
  [4;36;1mPage Columns (2.8ms)[0m   [0;1mSHOW FIELDS FROM `pages`[0m
  [4;35;1mSQL (1.3ms)[0m   [0mSELECT DISTINCT class_name FROM pages WHERE class_name <> '' AND class_name IS NOT NULL[0m
  [4;36;1mSQL (0.1ms)[0m   [0;1mSET SQL_AUTO_IS_NULL=0[0m


Processing SiteController#show_page (for 127.0.0.1 at 2009-09-10 17:04:52) [GET]
  Parameters: {"action"=>"show_page", "url"=>["video", "player.swf"], "controller"=>"site"}
  [4;35;1mSQL (3.6ms)[0m   [0mSHOW TABLES[0m
Cache read: Radiant.cache_file
Cache read: Radiant.cache_file
Cache read: Radiant.cache_file
Cache read: Radiant.cache_file
Cache read: Radiant.cache_mtime
Cache read: Radiant.cache_file
Cache read: Radiant::Config
  [4;36;1mSQL (0.7ms)[0m   [0;1mSHOW TABLES[0m
Cache read: Radiant.cache_file
Cache read: Radiant.cache_file
Cache read: Radiant.cache_file
Cache read: Radiant.cache_file
Cache read: Radiant.cache_mtime
Cache read: Radiant.cache_file
Cache read: Radiant::Config
  [4;35;1mPage Load (0.5ms)[0m   [0mSELECT * FROM `pages` WHERE (`pages`.`parent_id` IS NULL) LIMIT 1[0m
  [4;36;1mPage Load (0.9ms)[0m   [0;1mSELECT * FROM `pages` WHERE (`pages`.`slug` = 'video') AND (`pages`.parent_id = 1) ORDER BY virtual DESC, title ASC LIMIT 1[0m
  [4;35;1mPage Load (0.8ms)[0m   [0mSELECT * FROM `pages` WHERE (`pages`.parent_id = 1) ORDER BY virtual DESC, title ASC[0m
  [4;36;1mFileNotFoundPage Columns (2.7ms)[0m   [0;1mSHOW FIELDS FROM `pages`[0m
  [4;35;1mPage Load (0.5ms)[0m   [0mSELECT * FROM `pages` WHERE (`pages`.`id` = 1) [0m
  [4;36;1mArchivePage Columns (17.6ms)[0m   [0;1mSHOW FIELDS FROM `pages`[0m
  [4;35;1mCACHE (0.0ms)[0m   [0mSELECT * FROM `pages` WHERE (`pages`.`id` = 1) [0m
  [4;36;1mCACHE (0.0ms)[0m   [0;1mSELECT * FROM `pages` WHERE (`pages`.`id` = 1) [0m
  [4;35;1mCACHE (0.0ms)[0m   [0mSELECT * FROM `pages` WHERE (`pages`.`id` = 1) [0m
  [4;36;1mCACHE (0.0ms)[0m   [0;1mSELECT * FROM `pages` WHERE (`pages`.`id` = 1) [0m
  [4;35;1mCACHE (0.0ms)[0m   [0mSELECT * FROM `pages` WHERE (`pages`.`id` = 1) [0m
  [4;36;1mCACHE (0.0ms)[0m   [0;1mSELECT * FROM `pages` WHERE (`pages`.`id` = 1) [0m
  [4;35;1mCACHE (0.0ms)[0m   [0mSELECT * FROM `pages` WHERE (`pages`.`id` = 1) [0m
  [4;36;1mPage Load (0.6ms)[0m   [0;1mSELECT * FROM `pages` WHERE (`pages`.parent_id = 1 AND (status_id = 100 and (class_name = 'FileNotFoundPage'))) ORDER BY virtual DESC, title ASC LIMIT 1[0m
  [4;35;1mCACHE (0.0ms)[0m   [0mSELECT * FROM `pages` WHERE (`pages`.`id` = 1) [0m
  [4;36;1mLayout Columns (7.9ms)[0m   [0;1mSHOW FIELDS FROM `layouts`[0m
  [4;35;1mLayout Load (14.1ms)[0m   [0mSELECT * FROM `layouts` WHERE (`layouts`.`id` = 1) ORDER BY name[0m
  [4;36;1mSnippet Columns (2.6ms)[0m   [0;1mSHOW FIELDS FROM `snippets`[0m
  [4;35;1mSnippet Load (4.3ms)[0m   [0mSELECT * FROM `snippets` WHERE (`snippets`.`name` = 'header') ORDER BY name LIMIT 1[0m
  [4;36;1mSnippet Load (0.5ms)[0m   [0;1mSELECT * FROM `snippets` WHERE (`snippets`.`name` = 'navigation') ORDER BY name LIMIT 1[0m
  [4;35;1mPagePart Load (0.6ms)[0m   [0mSELECT * FROM `page_parts` WHERE (`page_parts`.page_id = 2) ORDER BY id, name[0m
  [4;36;1mPagePart Columns (1.6ms)[0m   [0;1mSHOW FIELDS FROM `page_parts`[0m
  [4;35;1mPagePart Load (0.7ms)[0m   [0mSELECT * FROM `page_parts` WHERE (`page_parts`.`name` = 'body') AND (`page_parts`.page_id = 2) ORDER BY id LIMIT 1[0m
  [4;36;1mPagePart Load (0.6ms)[0m   [0;1mSELECT * FROM `page_parts` WHERE (`page_parts`.`name` = 'extended') AND (`page_parts`.page_id = 2) ORDER BY id LIMIT 1[0m
  [4;35;1mCACHE (0.0ms)[0m   [0mSELECT * FROM `page_parts` WHERE (`page_parts`.`name` = 'extended') AND (`page_parts`.page_id = 2) ORDER BY id LIMIT 1[0m
  [4;36;1mPagePart Load (0.4ms)[0m   [0;1mSELECT * FROM `page_parts` WHERE (`page_parts`.`name` = 'sidebar') AND (`page_parts`.page_id = 2) ORDER BY id LIMIT 1[0m
  [4;35;1mPagePart Load (7.9ms)[0m   [0mSELECT * FROM `page_parts` WHERE (`page_parts`.page_id = 1) ORDER BY id, name[0m
  [4;36;1mPagePart Load (0.6ms)[0m   [0;1mSELECT * FROM `page_parts` WHERE (`page_parts`.`name` = 'sidebar') AND (`page_parts`.page_id = 1) ORDER BY id LIMIT 1[0m
  [4;35;1mCACHE (0.0ms)[0m   [0mSELECT * FROM `page_parts` WHERE (`page_parts`.`name` = 'sidebar') AND (`page_parts`.page_id = 1) ORDER BY id LIMIT 1[0m
  [4;36;1mSnippet Load (0.4ms)[0m   [0;1mSELECT * FROM `snippets` WHERE (`snippets`.`name` = 'newsletter') ORDER BY name LIMIT 1[0m
  [4;35;1mSnippet Load (0.6ms)[0m   [0mSELECT * FROM `snippets` WHERE (`snippets`.`name` = 'rss') ORDER BY name LIMIT 1[0m
  [4;36;1mSnippet Load (0.5ms)[0m   [0;1mSELECT * FROM `snippets` WHERE (`snippets`.`name` = 'footer') ORDER BY name LIMIT 1[0m
Completed in 339ms (DB: 71) | 404 [http://localhost/video/player.swf]
  [4;35;1mSQL (0.6ms)[0m   [0mSHOW TABLES[0m
  [4;36;1mPage Columns (5.9ms)[0m   [0;1mSHOW FIELDS FROM `pages`[0m
  [4;35;1mSQL (0.5ms)[0m   [0mSELECT DISTINCT class_name FROM pages WHERE class_name <> '' AND class_name IS NOT NULL[0m
  [4;36;1mSQL (0.1ms)[0m   [0;1mSET SQL_AUTO_IS_NULL=0[0m


Processing SiteController#show_page (for 127.0.0.1 at 2009-09-10 17:04:53) [GET]
  Parameters: {"action"=>"show_page", "url"=>["assets", "loading.gif"], "controller"=>"site"}
  [4;35;1mSQL (0.6ms)[0m   [0mSHOW TABLES[0m
Cache read: Radiant.cache_file
Cache read: Radiant.cache_file
Cache read: Radiant.cache_file
Cache read: Radiant.cache_file
Cache read: Radiant.cache_mtime
Cache read: Radiant.cache_file
Cache read: Radiant::Config
  [4;36;1mSQL (0.5ms)[0m   [0;1mSHOW TABLES[0m
Cache read: Radiant.cache_file
Cache read: Radiant.cache_file
Cache read: Radiant.cache_file
Cache read: Radiant.cache_file
Cache read: Radiant.cache_mtime
Cache read: Radiant.cache_file
Cache read: Radiant::Config
  [4;35;1mPage Load (0.4ms)[0m   [0mSELECT * FROM `pages` WHERE (`pages`.`parent_id` IS NULL) LIMIT 1[0m
  [4;36;1mPage Load (0.7ms)[0m   [0;1mSELECT * FROM `pages` WHERE (`pages`.`slug` = 'assets') AND (`pages`.parent_id = 1) ORDER BY virtual DESC, title ASC LIMIT 1[0m
  [4;35;1mPage Load (0.6ms)[0m   [0mSELECT * FROM `pages` WHERE (`pages`.parent_id = 1) ORDER BY virtual DESC, title ASC[0m
  [4;36;1mFileNotFoundPage Columns (2.2ms)[0m   [0;1mSHOW FIELDS FROM `pages`[0m
  [4;35;1mPage Load (2.0ms)[0m   [0mSELECT * FROM `pages` WHERE (`pages`.`id` = 1) [0m
  [4;36;1mArchivePage Columns (3.0ms)[0m   [0;1mSHOW FIELDS FROM `pages`[0m
  [4;35;1mCACHE (0.0ms)[0m   [0mSELECT * FROM `pages` WHERE (`pages`.`id` = 1) [0m
  [4;36;1mCACHE (0.0ms)[0m   [0;1mSELECT * FROM `pages` WHERE (`pages`.`id` = 1) [0m
  [4;35;1mCACHE (0.0ms)[0m   [0mSELECT * FROM `pages` WHERE (`pages`.`id` = 1) [0m
  [4;36;1mCACHE (0.0ms)[0m   [0;1mSELECT * FROM `pages` WHERE (`pages`.`id` = 1) [0m
  [4;35;1mCACHE (0.0ms)[0m   [0mSELECT * FROM `pages` WHERE (`pages`.`id` = 1) [0m
  [4;36;1mCACHE (0.0ms)[0m   [0;1mSELECT * FROM `pages` WHERE (`pages`.`id` = 1) [0m
  [4;35;1mCACHE (0.0ms)[0m   [0mSELECT * FROM `pages` WHERE (`pages`.`id` = 1) [0m
  [4;36;1mPage Load (0.6ms)[0m   [0;1mSELECT * FROM `pages` WHERE (`pages`.parent_id = 1 AND (status_id = 100 and (class_name = 'FileNotFoundPage'))) ORDER BY virtual DESC, title ASC LIMIT 1[0m
  [4;35;1mCACHE (0.0ms)[0m   [0mSELECT * FROM `pages` WHERE (`pages`.`id` = 1) [0m
  [4;36;1mLayout Columns (2.1ms)[0m   [0;1mSHOW FIELDS FROM `layouts`[0m
  [4;35;1mLayout Load (2.4ms)[0m   [0mSELECT * FROM `layouts` WHERE (`layouts`.`id` = 1) ORDER BY name[0m
  [4;36;1mSnippet Columns (2.6ms)[0m   [0;1mSHOW FIELDS FROM `snippets`[0m
  [4;35;1mSnippet Load (0.4ms)[0m   [0mSELECT * FROM `snippets` WHERE (`snippets`.`name` = 'header') ORDER BY name LIMIT 1[0m
  [4;36;1mSnippet Load (0.5ms)[0m   [0;1mSELECT * FROM `snippets` WHERE (`snippets`.`name` = 'navigation') ORDER BY name LIMIT 1[0m
  [4;35;1mPagePart Load (0.6ms)[0m   [0mSELECT * FROM `page_parts` WHERE (`page_parts`.page_id = 2) ORDER BY id, name[0m
  [4;36;1mPagePart Columns (1.8ms)[0m   [0;1mSHOW FIELDS FROM `page_parts`[0m
  [4;35;1mPagePart Load (0.4ms)[0m   [0mSELECT * FROM `page_parts` WHERE (`page_parts`.`name` = 'body') AND (`page_parts`.page_id = 2) ORDER BY id LIMIT 1[0m
  [4;36;1mPagePart Load (0.5ms)[0m   [0;1mSELECT * FROM `page_parts` WHERE (`page_parts`.`name` = 'extended') AND (`page_parts`.page_id = 2) ORDER BY id LIMIT 1[0m
  [4;35;1mCACHE (0.0ms)[0m   [0mSELECT * FROM `page_parts` WHERE (`page_parts`.`name` = 'extended') AND (`page_parts`.page_id = 2) ORDER BY id LIMIT 1[0m
  [4;36;1mPagePart Load (0.4ms)[0m   [0;1mSELECT * FROM `page_parts` WHERE (`page_parts`.`name` = 'sidebar') AND (`page_parts`.page_id = 2) ORDER BY id LIMIT 1[0m
  [4;35;1mPagePart Load (0.5ms)[0m   [0mSELECT * FROM `page_parts` WHERE (`page_parts`.page_id = 1) ORDER BY id, name[0m
  [4;36;1mPagePart Load (0.4ms)[0m   [0;1mSELECT * FROM `page_parts` WHERE (`page_parts`.`name` = 'sidebar') AND (`page_parts`.page_id = 1) ORDER BY id LIMIT 1[0m
  [4;35;1mCACHE (0.0ms)[0m   [0mSELECT * FROM `page_parts` WHERE (`page_parts`.`name` = 'sidebar') AND (`page_parts`.page_id = 1) ORDER BY id LIMIT 1[0m
  [4;36;1mSnippet Load (0.3ms)[0m   [0;1mSELECT * FROM `snippets` WHERE (`snippets`.`name` = 'newsletter') ORDER BY name LIMIT 1[0m
  [4;35;1mSnippet Load (0.4ms)[0m   [0mSELECT * FROM `snippets` WHERE (`snippets`.`name` = 'rss') ORDER BY name LIMIT 1[0m
  [4;36;1mSnippet Load (0.5ms)[0m   [0;1mSELECT * FROM `snippets` WHERE (`snippets`.`name` = 'footer') ORDER BY name LIMIT 1[0m
Completed in 262ms (DB: 25) | 404 [http://localhost/assets/loading.gif]
  [4;35;1mSQL (0.4ms)[0m   [0mSHOW TABLES[0m
  [4;36;1mPage Columns (2.3ms)[0m   [0;1mSHOW FIELDS FROM `pages`[0m
  [4;35;1mSQL (0.7ms)[0m   [0mSELECT DISTINCT class_name FROM pages WHERE class_name <> '' AND class_name IS NOT NULL[0m
  [4;36;1mSQL (0.1ms)[0m   [0;1mSET SQL_AUTO_IS_NULL=0[0m


Processing SiteController#show_page (for 127.0.0.1 at 2009-09-10 17:04:54) [GET]
  Parameters: {"action"=>"show_page", "url"=>["assets", "closelabel.gif"], "controller"=>"site"}
  [4;35;1mSQL (0.6ms)[0m   [0mSHOW TABLES[0m
Cache read: Radiant.cache_file
Cache read: Radiant.cache_file
Cache read: Radiant.cache_file
Cache read: Radiant.cache_file
Cache read: Radiant.cache_mtime
Cache read: Radiant.cache_file
Cache read: Radiant::Config
  [4;36;1mSQL (0.4ms)[0m   [0;1mSHOW TABLES[0m
Cache read: Radiant.cache_file
Cache read: Radiant.cache_file
Cache read: Radiant.cache_file
Cache read: Radiant.cache_file
Cache read: Radiant.cache_mtime
Cache read: Radiant.cache_file
Cache read: Radiant::Config
  [4;35;1mPage Load (0.5ms)[0m   [0mSELECT * FROM `pages` WHERE (`pages`.`parent_id` IS NULL) LIMIT 1[0m
  [4;36;1mPage Load (0.7ms)[0m   [0;1mSELECT * FROM `pages` WHERE (`pages`.`slug` = 'assets') AND (`pages`.parent_id = 1) ORDER BY virtual DESC, title ASC LIMIT 1[0m
  [4;35;1mPage Load (0.7ms)[0m   [0mSELECT * FROM `pages` WHERE (`pages`.parent_id = 1) ORDER BY virtual DESC, title ASC[0m
  [4;36;1mFileNotFoundPage Columns (10.6ms)[0m   [0;1mSHOW FIELDS FROM `pages`[0m
  [4;35;1mPage Load (2.8ms)[0m   [0mSELECT * FROM `pages` WHERE (`pages`.`id` = 1) [0m
  [4;36;1mArchivePage Columns (2.7ms)[0m   [0;1mSHOW FIELDS FROM `pages`[0m
  [4;35;1mCACHE (0.0ms)[0m   [0mSELECT * FROM `pages` WHERE (`pages`.`id` = 1) [0m
  [4;36;1mCACHE (0.0ms)[0m   [0;1mSELECT * FROM `pages` WHERE (`pages`.`id` = 1) [0m
  [4;35;1mCACHE (0.0ms)[0m   [0mSELECT * FROM `pages` WHERE (`pages`.`id` = 1) [0m
  [4;36;1mCACHE (0.0ms)[0m   [0;1mSELECT * FROM `pages` WHERE (`pages`.`id` = 1) [0m
  [4;35;1mCACHE (0.0ms)[0m   [0mSELECT * FROM `pages` WHERE (`pages`.`id` = 1) [0m
  [4;36;1mCACHE (0.0ms)[0m   [0;1mSELECT * FROM `pages` WHERE (`pages`.`id` = 1) [0m
  [4;35;1mCACHE (0.0ms)[0m   [0mSELECT * FROM `pages` WHERE (`pages`.`id` = 1) [0m
  [4;36;1mPage Load (0.7ms)[0m   [0;1mSELECT * FROM `pages` WHERE (`pages`.parent_id = 1 AND (status_id = 100 and (class_name = 'FileNotFoundPage'))) ORDER BY virtual DESC, title ASC LIMIT 1[0m
  [4;35;1mCACHE (0.0ms)[0m   [0mSELECT * FROM `pages` WHERE (`pages`.`id` = 1) [0m
  [4;36;1mLayout Columns (2.1ms)[0m   [0;1mSHOW FIELDS FROM `layouts`[0m
  [4;35;1mLayout Load (0.3ms)[0m   [0mSELECT * FROM `layouts` WHERE (`layouts`.`id` = 1) ORDER BY name[0m
  [4;36;1mSnippet Columns (2.2ms)[0m   [0;1mSHOW FIELDS FROM `snippets`[0m
  [4;35;1mSnippet Load (0.4ms)[0m   [0mSELECT * FROM `snippets` WHERE (`snippets`.`name` = 'header') ORDER BY name LIMIT 1[0m
  [4;36;1mSnippet Load (0.5ms)[0m   [0;1mSELECT * FROM `snippets` WHERE (`snippets`.`name` = 'navigation') ORDER BY name LIMIT 1[0m
  [4;35;1mPagePart Load (0.6ms)[0m   [0mSELECT * FROM `page_parts` WHERE (`page_parts`.page_id = 2) ORDER BY id, name[0m
  [4;36;1mPagePart Columns (2.0ms)[0m   [0;1mSHOW FIELDS FROM `page_parts`[0m
  [4;35;1mPagePart Load (0.5ms)[0m   [0mSELECT * FROM `page_parts` WHERE (`page_parts`.`name` = 'body') AND (`page_parts`.page_id = 2) ORDER BY id LIMIT 1[0m
  [4;36;1mPagePart Load (0.6ms)[0m   [0;1mSELECT * FROM `page_parts` WHERE (`page_parts`.`name` = 'extended') AND (`page_parts`.page_id = 2) ORDER BY id LIMIT 1[0m
  [4;35;1mCACHE (0.0ms)[0m   [0mSELECT * FROM `page_parts` WHERE (`page_parts`.`name` = 'extended') AND (`page_parts`.page_id = 2) ORDER BY id LIMIT 1[0m
  [4;36;1mPagePart Load (0.5ms)[0m   [0;1mSELECT * FROM `page_parts` WHERE (`page_parts`.`name` = 'sidebar') AND (`page_parts`.page_id = 2) ORDER BY id LIMIT 1[0m
  [4;35;1mPagePart Load (0.5ms)[0m   [0mSELECT * FROM `page_parts` WHERE (`page_parts`.page_id = 1) ORDER BY id, name[0m
  [4;36;1mPagePart Load (0.6ms)[0m   [0;1mSELECT * FROM `page_parts` WHERE (`page_parts`.`name` = 'sidebar') AND (`page_parts`.page_id = 1) ORDER BY id LIMIT 1[0m
  [4;35;1mCACHE (0.0ms)[0m   [0mSELECT * FROM `page_parts` WHERE (`page_parts`.`name` = 'sidebar') AND (`page_parts`.page_id = 1) ORDER BY id LIMIT 1[0m
  [4;36;1mSnippet Load (0.4ms)[0m   [0;1mSELECT * FROM `snippets` WHERE (`snippets`.`name` = 'newsletter') ORDER BY name LIMIT 1[0m
  [4;35;1mSnippet Load (0.5ms)[0m   [0mSELECT * FROM `snippets` WHERE (`snippets`.`name` = 'rss') ORDER BY name LIMIT 1[0m
  [4;36;1mSnippet Load (0.6ms)[0m   [0;1mSELECT * FROM `snippets` WHERE (`snippets`.`name` = 'footer') ORDER BY name LIMIT 1[0m
Completed in 390ms (DB: 32) | 404 [http://localhost/assets/closelabel.gif]
  [4;35;1mSQL (0.5ms)[0m   [0mSHOW TABLES[0m
  [4;36;1mPage Columns (2.5ms)[0m   [0;1mSHOW FIELDS FROM `pages`[0m
  [4;35;1mSQL (0.5ms)[0m   [0mSELECT DISTINCT class_name FROM pages WHERE class_name <> '' AND class_name IS NOT NULL[0m
  [4;36;1mSQL (0.1ms)[0m   [0;1mSET SQL_AUTO_IS_NULL=0[0m


Processing SiteController#show_page (for 127.0.0.1 at 2009-09-10 17:04:57) [GET]
  Parameters: {"action"=>"show_page", "url"=>["tour"], "controller"=>"site"}
  [4;35;1mSQL (0.6ms)[0m   [0mSHOW TABLES[0m
Cache read: Radiant.cache_file
Cache read: Radiant.cache_file
Cache read: Radiant.cache_file
Cache read: Radiant.cache_file
Cache read: Radiant.cache_mtime
Cache read: Radiant.cache_file
Cache read: Radiant::Config
  [4;36;1mSQL (0.6ms)[0m   [0;1mSHOW TABLES[0m
Cache read: Radiant.cache_file
Cache read: Radiant.cache_file
Cache read: Radiant.cache_file
Cache read: Radiant.cache_file
Cache read: Radiant.cache_mtime
Cache read: Radiant.cache_file
Cache read: Radiant::Config
  [4;35;1mPage Load (0.5ms)[0m   [0mSELECT * FROM `pages` WHERE (`pages`.`parent_id` IS NULL) LIMIT 1[0m
  [4;36;1mPage Load (0.8ms)[0m   [0;1mSELECT * FROM `pages` WHERE (`pages`.`slug` = 'tour') AND (`pages`.parent_id = 1) ORDER BY virtual DESC, title ASC LIMIT 1[0m
  [4;35;1mPage Load (0.4ms)[0m   [0mSELECT * FROM `pages` WHERE (`pages`.`id` = 1) [0m
  [4;36;1mLayout Columns (1.8ms)[0m   [0;1mSHOW FIELDS FROM `layouts`[0m
  [4;35;1mLayout Load (0.4ms)[0m   [0mSELECT * FROM `layouts` WHERE (`layouts`.`id` = 1) ORDER BY name[0m
  [4;36;1mSnippet Columns (3.8ms)[0m   [0;1mSHOW FIELDS FROM `snippets`[0m
  [4;35;1mSnippet Load (1.4ms)[0m   [0mSELECT * FROM `snippets` WHERE (`snippets`.`name` = 'header') ORDER BY name LIMIT 1[0m
  [4;36;1mSnippet Load (0.5ms)[0m   [0;1mSELECT * FROM `snippets` WHERE (`snippets`.`name` = 'navigation') ORDER BY name LIMIT 1[0m
  [4;35;1mPagePart Load (0.8ms)[0m   [0mSELECT * FROM `page_parts` WHERE (`page_parts`.page_id = 13) ORDER BY id, name[0m
  [4;36;1mPagePart Columns (1.9ms)[0m   [0;1mSHOW FIELDS FROM `page_parts`[0m
  [4;35;1mPagePart Load (0.5ms)[0m   [0mSELECT * FROM `page_parts` WHERE (`page_parts`.`name` = 'body') AND (`page_parts`.page_id = 13) ORDER BY id LIMIT 1[0m
  [4;36;1mPagePart Load (0.5ms)[0m   [0;1mSELECT * FROM `page_parts` WHERE (`page_parts`.`name` = 'extended') AND (`page_parts`.page_id = 13) ORDER BY id LIMIT 1[0m
  [4;35;1mCACHE (0.0ms)[0m   [0mSELECT * FROM `page_parts` WHERE (`page_parts`.`name` = 'extended') AND (`page_parts`.page_id = 13) ORDER BY id LIMIT 1[0m
  [4;36;1mPagePart Load (2.2ms)[0m   [0;1mSELECT * FROM `page_parts` WHERE (`page_parts`.`name` = 'sidebar') AND (`page_parts`.page_id = 13) ORDER BY id LIMIT 1[0m
  [4;35;1mCACHE (0.0ms)[0m   [0mSELECT * FROM `page_parts` WHERE (`page_parts`.`name` = 'sidebar') AND (`page_parts`.page_id = 13) ORDER BY id LIMIT 1[0m
  [4;36;1mSnippet Load (0.4ms)[0m   [0;1mSELECT * FROM `snippets` WHERE (`snippets`.`name` = 'footer') ORDER BY name LIMIT 1[0m
Completed in 164ms (DB: 17) | 200 [http://localhost/tour]
  [4;35;1mSQL (0.5ms)[0m   [0mSHOW TABLES[0m
  [4;36;1mPage Columns (5.3ms)[0m   [0;1mSHOW FIELDS FROM `pages`[0m
  [4;35;1mSQL (2.7ms)[0m   [0mSELECT DISTINCT class_name FROM pages WHERE class_name <> '' AND class_name IS NOT NULL[0m
  [4;36;1mSQL (0.1ms)[0m   [0;1mSET SQL_AUTO_IS_NULL=0[0m


Processing SiteController#show_page (for 127.0.0.1 at 2009-09-10 17:04:58) [GET]
  Parameters: {"action"=>"show_page", "url"=>["assets", "loading.gif"], "controller"=>"site"}
  [4;35;1mSQL (0.6ms)[0m   [0mSHOW TABLES[0m
Cache read: Radiant.cache_file
Cache read: Radiant.cache_file
Cache read: Radiant.cache_file
Cache read: Radiant.cache_file
Cache read: Radiant.cache_mtime
Cache read: Radiant.cache_file
Cache read: Radiant::Config
  [4;36;1mSQL (0.7ms)[0m   [0;1mSHOW TABLES[0m
Cache read: Radiant.cache_file
Cache read: Radiant.cache_file
Cache read: Radiant.cache_file
Cache read: Radiant.cache_file
Cache read: Radiant.cache_mtime
Cache read: Radiant.cache_file
Cache read: Radiant::Config
  [4;35;1mPage Load (3.1ms)[0m   [0mSELECT * FROM `pages` WHERE (`pages`.`parent_id` IS NULL) LIMIT 1[0m
  [4;36;1mPage Load (1.2ms)[0m   [0;1mSELECT * FROM `pages` WHERE (`pages`.`slug` = 'assets') AND (`pages`.parent_id = 1) ORDER BY virtual DESC, title ASC LIMIT 1[0m
  [4;35;1mPage Load (1.0ms)[0m   [0mSELECT * FROM `pages` WHERE (`pages`.parent_id = 1) ORDER BY virtual DESC, title ASC[0m
  [4;36;1mFileNotFoundPage Columns (5.1ms)[0m   [0;1mSHOW FIELDS FROM `pages`[0m
  [4;35;1mPage Load (1.3ms)[0m   [0mSELECT * FROM `pages` WHERE (`pages`.`id` = 1) [0m
  [4;36;1mArchivePage Columns (7.3ms)[0m   [0;1mSHOW FIELDS FROM `pages`[0m
  [4;35;1mCACHE (0.0ms)[0m   [0mSELECT * FROM `pages` WHERE (`pages`.`id` = 1) [0m
  [4;36;1mCACHE (0.0ms)[0m   [0;1mSELECT * FROM `pages` WHERE (`pages`.`id` = 1) [0m
  [4;35;1mCACHE (0.0ms)[0m   [0mSELECT * FROM `pages` WHERE (`pages`.`id` = 1) [0m
  [4;36;1mCACHE (0.0ms)[0m   [0;1mSELECT * FROM `pages` WHERE (`pages`.`id` = 1) [0m
  [4;35;1mCACHE (0.0ms)[0m   [0mSELECT * FROM `pages` WHERE (`pages`.`id` = 1) [0m
  [4;36;1mCACHE (0.0ms)[0m   [0;1mSELECT * FROM `pages` WHERE (`pages`.`id` = 1) [0m
  [4;35;1mCACHE (0.0ms)[0m   [0mSELECT * FROM `pages` WHERE (`pages`.`id` = 1) [0m
  [4;36;1mPage Load (0.9ms)[0m   [0;1mSELECT * FROM `pages` WHERE (`pages`.parent_id = 1 AND (status_id = 100 and (class_name = 'FileNotFoundPage'))) ORDER BY virtual DESC, title ASC LIMIT 1[0m
  [4;35;1mCACHE (0.0ms)[0m   [0mSELECT * FROM `pages` WHERE (`pages`.`id` = 1) [0m
  [4;36;1mLayout Columns (3.2ms)[0m   [0;1mSHOW FIELDS FROM `layouts`[0m
  [4;35;1mLayout Load (0.3ms)[0m   [0mSELECT * FROM `layouts` WHERE (`layouts`.`id` = 1) ORDER BY name[0m
  [4;36;1mSnippet Columns (2.3ms)[0m   [0;1mSHOW FIELDS FROM `snippets`[0m
  [4;35;1mSnippet Load (0.4ms)[0m   [0mSELECT * FROM `snippets` WHERE (`snippets`.`name` = 'header') ORDER BY name LIMIT 1[0m
  [4;36;1mSnippet Load (0.4ms)[0m   [0;1mSELECT * FROM `snippets` WHERE (`snippets`.`name` = 'navigation') ORDER BY name LIMIT 1[0m
  [4;35;1mPagePart Load (0.6ms)[0m   [0mSELECT * FROM `page_parts` WHERE (`page_parts`.page_id = 2) ORDER BY id, name[0m
  [4;36;1mPagePart Columns (2.0ms)[0m   [0;1mSHOW FIELDS FROM `page_parts`[0m
  [4;35;1mPagePart Load (0.5ms)[0m   [0mSELECT * FROM `page_parts` WHERE (`page_parts`.`name` = 'body') AND (`page_parts`.page_id = 2) ORDER BY id LIMIT 1[0m
  [4;36;1mPagePart Load (0.6ms)[0m   [0;1mSELECT * FROM `page_parts` WHERE (`page_parts`.`name` = 'extended') AND (`page_parts`.page_id = 2) ORDER BY id LIMIT 1[0m
  [4;35;1mCACHE (0.0ms)[0m   [0mSELECT * FROM `page_parts` WHERE (`page_parts`.`name` = 'extended') AND (`page_parts`.page_id = 2) ORDER BY id LIMIT 1[0m
  [4;36;1mPagePart Load (0.5ms)[0m   [0;1mSELECT * FROM `page_parts` WHERE (`page_parts`.`name` = 'sidebar') AND (`page_parts`.page_id = 2) ORDER BY id LIMIT 1[0m
  [4;35;1mPagePart Load (0.8ms)[0m   [0mSELECT * FROM `page_parts` WHERE (`page_parts`.page_id = 1) ORDER BY id, name[0m
  [4;36;1mPagePart Load (0.6ms)[0m   [0;1mSELECT * FROM `page_parts` WHERE (`page_parts`.`name` = 'sidebar') AND (`page_parts`.page_id = 1) ORDER BY id LIMIT 1[0m
  [4;35;1mCACHE (0.0ms)[0m   [0mSELECT * FROM `page_parts` WHERE (`page_parts`.`name` = 'sidebar') AND (`page_parts`.page_id = 1) ORDER BY id LIMIT 1[0m
  [4;36;1mSnippet Load (0.3ms)[0m   [0;1mSELECT * FROM `snippets` WHERE (`snippets`.`name` = 'newsletter') ORDER BY name LIMIT 1[0m
  [4;35;1mSnippet Load (0.4ms)[0m   [0mSELECT * FROM `snippets` WHERE (`snippets`.`name` = 'rss') ORDER BY name LIMIT 1[0m
  [4;36;1mSnippet Load (0.4ms)[0m   [0;1mSELECT * FROM `snippets` WHERE (`snippets`.`name` = 'footer') ORDER BY name LIMIT 1[0m
Completed in 296ms (DB: 35) | 404 [http://localhost/assets/loading.gif]
  [4;35;1mSQL (0.6ms)[0m   [0mSHOW TABLES[0m
  [4;36;1mPage Columns (2.8ms)[0m   [0;1mSHOW FIELDS FROM `pages`[0m
  [4;35;1mSQL (3.6ms)[0m   [0mSELECT DISTINCT class_name FROM pages WHERE class_name <> '' AND class_name IS NOT NULL[0m
  [4;36;1mSQL (0.1ms)[0m   [0;1mSET SQL_AUTO_IS_NULL=0[0m


Processing SiteController#show_page (for 127.0.0.1 at 2009-09-10 17:04:59) [GET]
  Parameters: {"action"=>"show_page", "url"=>["assets", "closelabel.gif"], "controller"=>"site"}
  [4;35;1mSQL (0.6ms)[0m   [0mSHOW TABLES[0m
Cache read: Radiant.cache_file
Cache read: Radiant.cache_file
Cache read: Radiant.cache_file
Cache read: Radiant.cache_file
Cache read: Radiant.cache_mtime
Cache read: Radiant.cache_file
Cache read: Radiant::Config
  [4;36;1mSQL (0.5ms)[0m   [0;1mSHOW TABLES[0m
Cache read: Radiant.cache_file
Cache read: Radiant.cache_file
Cache read: Radiant.cache_file
Cache read: Radiant.cache_file
Cache read: Radiant.cache_mtime
Cache read: Radiant.cache_file
Cache read: Radiant::Config
  [4;35;1mPage Load (0.5ms)[0m   [0mSELECT * FROM `pages` WHERE (`pages`.`parent_id` IS NULL) LIMIT 1[0m
  [4;36;1mPage Load (0.6ms)[0m   [0;1mSELECT * FROM `pages` WHERE (`pages`.`slug` = 'assets') AND (`pages`.parent_id = 1) ORDER BY virtual DESC, title ASC LIMIT 1[0m
  [4;35;1mPage Load (0.7ms)[0m   [0mSELECT * FROM `pages` WHERE (`pages`.parent_id = 1) ORDER BY virtual DESC, title ASC[0m
  [4;36;1mFileNotFoundPage Columns (285.2ms)[0m   [0;1mSHOW FIELDS FROM `pages`[0m
  [4;35;1mPage Load (0.4ms)[0m   [0mSELECT * FROM `pages` WHERE (`pages`.`id` = 1) [0m
  [4;36;1mArchivePage Columns (17.3ms)[0m   [0;1mSHOW FIELDS FROM `pages`[0m
  [4;35;1mCACHE (0.0ms)[0m   [0mSELECT * FROM `pages` WHERE (`pages`.`id` = 1) [0m
  [4;36;1mCACHE (0.0ms)[0m   [0;1mSELECT * FROM `pages` WHERE (`pages`.`id` = 1) [0m
  [4;35;1mCACHE (0.0ms)[0m   [0mSELECT * FROM `pages` WHERE (`pages`.`id` = 1) [0m
  [4;36;1mCACHE (0.0ms)[0m   [0;1mSELECT * FROM `pages` WHERE (`pages`.`id` = 1) [0m
  [4;35;1mCACHE (0.0ms)[0m   [0mSELECT * FROM `pages` WHERE (`pages`.`id` = 1) [0m
  [4;36;1mCACHE (0.0ms)[0m   [0;1mSELECT * FROM `pages` WHERE (`pages`.`id` = 1) [0m
  [4;35;1mCACHE (0.0ms)[0m   [0mSELECT * FROM `pages` WHERE (`pages`.`id` = 1) [0m
  [4;36;1mPage Load (3.2ms)[0m   [0;1mSELECT * FROM `pages` WHERE (`pages`.parent_id = 1 AND (status_id = 100 and (class_name = 'FileNotFoundPage'))) ORDER BY virtual DESC, title ASC LIMIT 1[0m
  [4;35;1mCACHE (0.0ms)[0m   [0mSELECT * FROM `pages` WHERE (`pages`.`id` = 1) [0m
  [4;36;1mLayout Columns (8.7ms)[0m   [0;1mSHOW FIELDS FROM `layouts`[0m
  [4;35;1mLayout Load (2.6ms)[0m   [0mSELECT * FROM `layouts` WHERE (`layouts`.`id` = 1) ORDER BY name[0m
  [4;36;1mSnippet Columns (19.4ms)[0m   [0;1mSHOW FIELDS FROM `snippets`[0m
  [4;35;1mSnippet Load (10.2ms)[0m   [0mSELECT * FROM `snippets` WHERE (`snippets`.`name` = 'header') ORDER BY name LIMIT 1[0m
  [4;36;1mSnippet Load (0.4ms)[0m   [0;1mSELECT * FROM `snippets` WHERE (`snippets`.`name` = 'navigation') ORDER BY name LIMIT 1[0m
  [4;35;1mPagePart Load (0.8ms)[0m   [0mSELECT * FROM `page_parts` WHERE (`page_parts`.page_id = 2) ORDER BY id, name[0m
  [4;36;1mPagePart Columns (9.8ms)[0m   [0;1mSHOW FIELDS FROM `page_parts`[0m
  [4;35;1mPagePart Load (2.4ms)[0m   [0mSELECT * FROM `page_parts` WHERE (`page_parts`.`name` = 'body') AND (`page_parts`.page_id = 2) ORDER BY id LIMIT 1[0m
  [4;36;1mPagePart Load (0.5ms)[0m   [0;1mSELECT * FROM `page_parts` WHERE (`page_parts`.`name` = 'extended') AND (`page_parts`.page_id = 2) ORDER BY id LIMIT 1[0m
  [4;35;1mCACHE (0.0ms)[0m   [0mSELECT * FROM `page_parts` WHERE (`page_parts`.`name` = 'extended') AND (`page_parts`.page_id = 2) ORDER BY id LIMIT 1[0m
  [4;36;1mPagePart Load (0.3ms)[0m   [0;1mSELECT * FROM `page_parts` WHERE (`page_parts`.`name` = 'sidebar') AND (`page_parts`.page_id = 2) ORDER BY id LIMIT 1[0m
  [4;35;1mPagePart Load (5.0ms)[0m   [0mSELECT * FROM `page_parts` WHERE (`page_parts`.page_id = 1) ORDER BY id, name[0m
  [4;36;1mPagePart Load (0.8ms)[0m   [0;1mSELECT * FROM `page_parts` WHERE (`page_parts`.`name` = 'sidebar') AND (`page_parts`.page_id = 1) ORDER BY id LIMIT 1[0m
  [4;35;1mCACHE (0.0ms)[0m   [0mSELECT * FROM `page_parts` WHERE (`page_parts`.`name` = 'sidebar') AND (`page_parts`.page_id = 1) ORDER BY id LIMIT 1[0m
  [4;36;1mSnippet Load (1.9ms)[0m   [0;1mSELECT * FROM `snippets` WHERE (`snippets`.`name` = 'newsletter') ORDER BY name LIMIT 1[0m
  [4;35;1mSnippet Load (0.5ms)[0m   [0mSELECT * FROM `snippets` WHERE (`snippets`.`name` = 'rss') ORDER BY name LIMIT 1[0m
  [4;36;1mSnippet Load (1.4ms)[0m   [0;1mSELECT * FROM `snippets` WHERE (`snippets`.`name` = 'footer') ORDER BY name LIMIT 1[0m
Completed in 692ms (DB: 374) | 404 [http://localhost/assets/closelabel.gif]
  [4;35;1mSQL (0.7ms)[0m   [0mSHOW TABLES[0m
  [4;36;1mPage Columns (2.9ms)[0m   [0;1mSHOW FIELDS FROM `pages`[0m
  [4;35;1mSQL (0.6ms)[0m   [0mSELECT DISTINCT class_name FROM pages WHERE class_name <> '' AND class_name IS NOT NULL[0m
  [4;36;1mSQL (0.2ms)[0m   [0;1mSET SQL_AUTO_IS_NULL=0[0m


Processing Admin::WelcomeController#index (for 127.0.0.1 at 2009-09-10 17:07:14) [GET]
  Parameters: {"action"=>"index", "controller"=>"admin/welcome"}
  [4;35;1mSQL (0.5ms)[0m   [0mSHOW TABLES[0m
Cache read: Radiant.cache_file
Cache read: Radiant.cache_file
Cache read: Radiant.cache_file
Cache read: Radiant.cache_file
Cache read: Radiant.cache_mtime
Cache read: Radiant.cache_file
Cache read: Radiant::Config
Redirected to http://localhost:3001/admin/pages
Completed in 5ms (DB: 1) | 302 Found [http://localhost/admin]
  [4;36;1mSQL (0.5ms)[0m   [0;1mSHOW TABLES[0m
  [4;35;1mPage Columns (2.5ms)[0m   [0mSHOW FIELDS FROM `pages`[0m
  [4;36;1mSQL (0.4ms)[0m   [0;1mSELECT DISTINCT class_name FROM pages WHERE class_name <> '' AND class_name IS NOT NULL[0m
  [4;35;1mSQL (0.1ms)[0m   [0mSET SQL_AUTO_IS_NULL=0[0m


Processing Admin::PagesController#index (for 127.0.0.1 at 2009-09-10 17:07:14) [GET]
  Parameters: {"action"=>"index", "controller"=>"admin/pages"}
Redirected to http://localhost:3001/admin/login
Filter chain halted as [:authenticate] rendered_or_redirected.
Completed in 2ms (DB: 0) | 302 Found [http://localhost/admin/pages]
  [4;36;1mSQL (0.5ms)[0m   [0;1mSHOW TABLES[0m
  [4;35;1mPage Columns (2.6ms)[0m   [0mSHOW FIELDS FROM `pages`[0m
  [4;36;1mSQL (0.6ms)[0m   [0;1mSELECT DISTINCT class_name FROM pages WHERE class_name <> '' AND class_name IS NOT NULL[0m
  [4;35;1mSQL (0.1ms)[0m   [0mSET SQL_AUTO_IS_NULL=0[0m


Processing Admin::WelcomeController#login (for 127.0.0.1 at 2009-09-10 17:07:15) [GET]
  Parameters: {"action"=>"login", "controller"=>"admin/welcome"}
  [4;36;1mSQL (0.6ms)[0m   [0;1mSHOW TABLES[0m
Cache read: Radiant.cache_file
Cache read: Radiant.cache_file
Cache read: Radiant.cache_file
Cache read: Radiant.cache_file
Cache read: Radiant.cache_mtime
Cache read: Radiant.cache_file
Cache read: Radiant::Config
Rendering template within layouts/application
Rendering admin/welcome/login
  [4;35;1mSQL (1.1ms)[0m   [0mSHOW TABLES[0m
Cache read: Radiant.cache_file
Cache read: Radiant.cache_file
Cache read: Radiant.cache_file
Cache read: Radiant.cache_file
Cache read: Radiant.cache_mtime
Cache read: Radiant.cache_file
Cache read: Radiant::Config
  [4;36;1mSQL (0.3ms)[0m   [0;1mSHOW TABLES[0m
Cache read: Radiant.cache_file
Cache read: Radiant.cache_file
Cache read: Radiant.cache_file
Cache read: Radiant.cache_file
Cache read: Radiant.cache_mtime
Cache read: Radiant.cache_file
Cache read: Radiant::Config
  [4;35;1mSQL (0.5ms)[0m   [0mSHOW TABLES[0m
Cache read: Radiant.cache_file
Cache read: Radiant.cache_file
Cache read: Radiant.cache_file
Cache read: Radiant.cache_file
Cache read: Radiant.cache_mtime
Cache read: Radiant.cache_file
Cache read: Radiant::Config
  [4;36;1mSQL (0.4ms)[0m   [0;1mSHOW TABLES[0m
Cache read: Radiant.cache_file
Cache read: Radiant.cache_file
Cache read: Radiant.cache_file
Cache read: Radiant.cache_file
Cache read: Radiant.cache_mtime
Cache read: Radiant.cache_file
Cache read: Radiant::Config
Completed in 56ms (View: 48, DB: 3) | 200 OK [http://localhost/admin/login]
  [4;35;1mSQL (0.6ms)[0m   [0mSHOW TABLES[0m
  [4;36;1mPage Columns (13.8ms)[0m   [0;1mSHOW FIELDS FROM `pages`[0m
  [4;35;1mSQL (1.2ms)[0m   [0mSELECT DISTINCT class_name FROM pages WHERE class_name <> '' AND class_name IS NOT NULL[0m
  [4;36;1mSQL (0.1ms)[0m   [0;1mSET SQL_AUTO_IS_NULL=0[0m


Processing Admin::WelcomeController#login (for 127.0.0.1 at 2009-09-10 17:07:21) [POST]
  Parameters: {"user"=>{"password"=>"[FILTERED]", "login"=>"root"}, "action"=>"login", "authenticity_token"=>"jtK0EbHrAtYFKO01r4IMrKv1hbT9c5/iZwZpaJx8cPI=", "controller"=>"admin/welcome"}
  [4;35;1mSQL (0.6ms)[0m   [0mSHOW TABLES[0m
Cache read: Radiant.cache_file
Cache read: Radiant.cache_file
Cache read: Radiant.cache_file
Cache read: Radiant.cache_file
Cache read: Radiant.cache_mtime
Cache read: Radiant.cache_file
Cache read: Radiant::Config
  [4;36;1mUser Columns (2.3ms)[0m   [0;1mSHOW FIELDS FROM `users`[0m
  [4;35;1mUser Load (1.5ms)[0m   [0mSELECT * FROM `users` WHERE (`users`.`login` = 'root') ORDER BY name LIMIT 1[0m
Rendering template within layouts/application
Rendering admin/welcome/login
  [4;36;1mSQL (2.2ms)[0m   [0;1mSHOW TABLES[0m
Cache read: Radiant.cache_file
Cache read: Radiant.cache_file
Cache read: Radiant.cache_file
Cache read: Radiant.cache_file
Cache read: Radiant.cache_mtime
Cache read: Radiant.cache_file
Cache read: Radiant::Config
  [4;35;1mSQL (0.7ms)[0m   [0mSHOW TABLES[0m
Cache read: Radiant.cache_file
Cache read: Radiant.cache_file
Cache read: Radiant.cache_file
Cache read: Radiant.cache_file
Cache read: Radiant.cache_mtime
Cache read: Radiant.cache_file
Cache read: Radiant::Config
  [4;36;1mSQL (0.6ms)[0m   [0;1mSHOW TABLES[0m
Cache read: Radiant.cache_file
Cache read: Radiant.cache_file
Cache read: Radiant.cache_file
Cache read: Radiant.cache_file
Cache read: Radiant.cache_mtime
Cache read: Radiant.cache_file
Cache read: Radiant::Config
  [4;35;1mSQL (0.6ms)[0m   [0mSHOW TABLES[0m
Cache read: Radiant.cache_file
Cache read: Radiant.cache_file
Cache read: Radiant.cache_file
Cache read: Radiant.cache_file
Cache read: Radiant.cache_mtime
Cache read: Radiant.cache_file
Cache read: Radiant::Config
Completed in 33ms (View: 11, DB: 9) | 200 OK [http://localhost/admin/login]
  [4;36;1mSQL (1.8ms)[0m   [0;1mSHOW TABLES[0m
  [4;35;1mPage Columns (5.8ms)[0m   [0mSHOW FIELDS FROM `pages`[0m
  [4;36;1mSQL (10.8ms)[0m   [0;1mSELECT DISTINCT class_name FROM pages WHERE class_name <> '' AND class_name IS NOT NULL[0m
  [4;35;1mSQL (0.1ms)[0m   [0mSET SQL_AUTO_IS_NULL=0[0m


Processing Admin::WelcomeController#login (for 127.0.0.1 at 2009-09-10 17:07:34) [POST]
  Parameters: {"user"=>{"password"=>"[FILTERED]", "login"=>"root"}, "action"=>"login", "authenticity_token"=>"jtK0EbHrAtYFKO01r4IMrKv1hbT9c5/iZwZpaJx8cPI=", "controller"=>"admin/welcome", "remember_me"=>"1"}
  [4;36;1mSQL (0.9ms)[0m   [0;1mSHOW TABLES[0m
Cache read: Radiant.cache_file
Cache read: Radiant.cache_file
Cache read: Radiant.cache_file
Cache read: Radiant.cache_file
Cache read: Radiant.cache_mtime
Cache read: Radiant.cache_file
Cache read: Radiant::Config
  [4;35;1mUser Columns (9.7ms)[0m   [0mSHOW FIELDS FROM `users`[0m
  [4;36;1mUser Load (0.7ms)[0m   [0;1mSELECT * FROM `users` WHERE (`users`.`login` = 'root') ORDER BY name LIMIT 1[0m
  [4;35;1mSQL (0.8ms)[0m   [0mSHOW TABLES[0m
Cache read: Radiant.cache_file
Cache read: Radiant.cache_file
Cache read: Radiant.cache_file
Cache read: Radiant.cache_file
Cache read: Radiant.cache_mtime
Cache read: Radiant.cache_file
Cache read: Radiant::Config
  [4;36;1mSQL (0.2ms)[0m   [0;1mBEGIN[0m
  [4;35;1mUser Load (1.6ms)[0m   [0mSELECT * FROM `users` WHERE (`users`.`id` = 1) ORDER BY name[0m
  [4;36;1mUser Update with optimistic locking (1.5ms)[0m   [0;1m UPDATE `users`
 SET `session_token` = 'faa8e15af20d01caad8d3edb7da254bf47f5c350', `lock_version` = 1, `updated_at` = '2009-09-10 15:07:34'
 WHERE id = 1
 AND `lock_version` = 0
[0m
  [4;35;1mSQL (3.7ms)[0m   [0mCOMMIT[0m
  [4;36;1mSQL (3.1ms)[0m   [0;1mSHOW TABLES[0m
Cache read: Radiant.cache_file
Cache read: Radiant.cache_file
Cache read: Radiant.cache_file
Cache read: Radiant.cache_file
Cache read: Radiant.cache_mtime
Cache read: Radiant.cache_file
Cache read: Radiant::Config
Redirected to http://localhost:3001/admin/pages
Completed in 109ms (DB: 22) | 302 Found [http://localhost/admin/login]
  [4;35;1mSQL (0.7ms)[0m   [0mSHOW TABLES[0m
  [4;36;1mPage Columns (5.2ms)[0m   [0;1mSHOW FIELDS FROM `pages`[0m
  [4;35;1mSQL (0.7ms)[0m   [0mSELECT DISTINCT class_name FROM pages WHERE class_name <> '' AND class_name IS NOT NULL[0m
  [4;36;1mSQL (0.1ms)[0m   [0;1mSET SQL_AUTO_IS_NULL=0[0m


Processing Admin::PagesController#index (for 127.0.0.1 at 2009-09-10 17:07:35) [GET]
  Parameters: {"action"=>"index", "controller"=>"admin/pages"}
  [4;35;1mUser Columns (3.0ms)[0m   [0mSHOW FIELDS FROM `users`[0m
  [4;36;1mUser Load (0.5ms)[0m   [0;1mSELECT * FROM `users` WHERE (`users`.`id` = 1) ORDER BY name[0m
  [4;35;1mSQL (0.5ms)[0m   [0mSHOW TABLES[0m
Cache read: Radiant.cache_file
Cache read: Radiant.cache_file
Cache read: Radiant.cache_file
Cache read: Radiant.cache_file
Cache read: Radiant.cache_mtime
Cache read: Radiant.cache_file
Cache read: Radiant::Config
  [4;36;1mPage Load (0.6ms)[0m   [0;1mSELECT * FROM `pages` [0m
  [4;35;1mPage Load (1.4ms)[0m   [0mSELECT * FROM `pages` WHERE (`pages`.`parent_id` IS NULL) LIMIT 1[0m
Rendering template within layouts/application
Rendering admin/pages/index
  [4;36;1mSQL (2.0ms)[0m   [0;1mSELECT count(*) AS count_all FROM `pages` WHERE (`pages`.parent_id = 1) [0m
  [4;35;1mCACHE (0.0ms)[0m   [0mSELECT count(*) AS count_all FROM `pages` WHERE (`pages`.parent_id = 1) [0m
  [4;36;1mPage Load (0.8ms)[0m   [0;1mSELECT * FROM `pages` WHERE (`pages`.parent_id = 1) ORDER BY virtual DESC, title ASC[0m
  [4;35;1mFileNotFoundPage Columns (2.6ms)[0m   [0mSHOW FIELDS FROM `pages`[0m
  [4;36;1mSQL (0.4ms)[0m   [0;1mSELECT count(*) AS count_all FROM `pages` WHERE (`pages`.parent_id = 2) [0m
  [4;35;1mPage Load (0.5ms)[0m   [0mSELECT * FROM `pages` WHERE (`pages`.`id` = 1) [0m
Rendered admin/pages/_node (8.3ms)
  [4;36;1mSQL (0.4ms)[0m   [0;1mSELECT count(*) AS count_all FROM `pages` WHERE (`pages`.parent_id = 9) [0m
  [4;35;1mCACHE (0.0ms)[0m   [0mSELECT * FROM `pages` WHERE (`pages`.`id` = 1) [0m
Rendered admin/pages/_node (6.4ms)
  [4;36;1mArchivePage Columns (3.0ms)[0m   [0;1mSHOW FIELDS FROM `pages`[0m
  [4;35;1mSQL (0.4ms)[0m   [0mSELECT count(*) AS count_all FROM `pages` WHERE (`pages`.parent_id = 4) [0m
  [4;36;1mCACHE (0.0ms)[0m   [0;1mSELECT count(*) AS count_all FROM `pages` WHERE (`pages`.parent_id = 4) [0m
  [4;35;1mCACHE (0.0ms)[0m   [0mSELECT * FROM `pages` WHERE (`pages`.`id` = 1) [0m
Rendered admin/pages/_node (8.0ms)
  [4;36;1mSQL (0.6ms)[0m   [0;1mSELECT count(*) AS count_all FROM `pages` WHERE (`pages`.parent_id = 12) [0m
  [4;35;1mCACHE (0.0ms)[0m   [0mSELECT * FROM `pages` WHERE (`pages`.`id` = 1) [0m
Rendered admin/pages/_node (6.5ms)
  [4;36;1mSQL (0.5ms)[0m   [0;1mSELECT count(*) AS count_all FROM `pages` WHERE (`pages`.parent_id = 14) [0m
  [4;35;1mCACHE (0.0ms)[0m   [0mSELECT * FROM `pages` WHERE (`pages`.`id` = 1) [0m
Rendered admin/pages/_node (6.7ms)
  [4;36;1mSQL (0.4ms)[0m   [0;1mSELECT count(*) AS count_all FROM `pages` WHERE (`pages`.parent_id = 3) [0m
  [4;35;1mCACHE (0.0ms)[0m   [0mSELECT * FROM `pages` WHERE (`pages`.`id` = 1) [0m
Rendered admin/pages/_node (6.9ms)
  [4;36;1mSQL (0.4ms)[0m   [0;1mSELECT count(*) AS count_all FROM `pages` WHERE (`pages`.parent_id = 11) [0m
  [4;35;1mCACHE (0.0ms)[0m   [0mSELECT * FROM `pages` WHERE (`pages`.`id` = 1) [0m
Rendered admin/pages/_node (6.7ms)
  [4;36;1mSQL (0.4ms)[0m   [0;1mSELECT count(*) AS count_all FROM `pages` WHERE (`pages`.parent_id = 7) [0m
  [4;35;1mCACHE (0.0ms)[0m   [0mSELECT * FROM `pages` WHERE (`pages`.`id` = 1) [0m
Rendered admin/pages/_node (7.5ms)
  [4;36;1mSQL (1.7ms)[0m   [0;1mSELECT count(*) AS count_all FROM `pages` WHERE (`pages`.parent_id = 13) [0m
  [4;35;1mCACHE (0.0ms)[0m   [0mSELECT * FROM `pages` WHERE (`pages`.`id` = 1) [0m
Rendered admin/pages/_node (89.7ms)
Rendered admin/pages/_node (195.7ms)
  [4;36;1mSQL (0.5ms)[0m   [0;1mSHOW TABLES[0m
Cache read: Radiant.cache_file
Cache read: Radiant.cache_file
Cache read: Radiant.cache_file
Cache read: Radiant.cache_file
Cache read: Radiant.cache_mtime
Cache read: Radiant.cache_file
Cache read: Radiant::Config
  [4;35;1mSQL (0.3ms)[0m   [0mSHOW TABLES[0m
Cache read: Radiant.cache_file
Cache read: Radiant.cache_file
Cache read: Radiant.cache_file
Cache read: Radiant.cache_file
Cache read: Radiant.cache_mtime
Cache read: Radiant.cache_file
Cache read: Radiant::Config
  [4;36;1mSQL (0.4ms)[0m   [0;1mSHOW TABLES[0m
Cache read: Radiant.cache_file
Cache read: Radiant.cache_file
Cache read: Radiant.cache_file
Cache read: Radiant.cache_file
Cache read: Radiant.cache_mtime
Cache read: Radiant.cache_file
Cache read: Radiant::Config
  [4;35;1mSQL (0.9ms)[0m   [0mSHOW TABLES[0m
Cache read: Radiant.cache_file
Cache read: Radiant.cache_file
Cache read: Radiant.cache_file
Cache read: Radiant.cache_file
Cache read: Radiant.cache_mtime
Cache read: Radiant.cache_file
Cache read: Radiant::Config
Completed in 284ms (View: 249, DB: 22) | 200 OK [http://localhost/admin/pages]
  [4;36;1mSQL (0.5ms)[0m   [0;1mSHOW TABLES[0m
  [4;35;1mPage Columns (4.1ms)[0m   [0mSHOW FIELDS FROM `pages`[0m
  [4;36;1mSQL (14.2ms)[0m   [0;1mSELECT DISTINCT class_name FROM pages WHERE class_name <> '' AND class_name IS NOT NULL[0m
  [4;35;1mSQL (0.1ms)[0m   [0mSET SQL_AUTO_IS_NULL=0[0m


Processing Admin::SnippetsController#index (for 127.0.0.1 at 2009-09-10 17:07:40) [GET]
  Parameters: {"action"=>"index", "controller"=>"admin/snippets"}
  [4;36;1mUser Columns (2.5ms)[0m   [0;1mSHOW FIELDS FROM `users`[0m
  [4;35;1mUser Load (1.4ms)[0m   [0mSELECT * FROM `users` WHERE (`users`.`id` = 1) ORDER BY name[0m
  [4;36;1mSQL (0.8ms)[0m   [0;1mSHOW TABLES[0m
Cache read: Radiant.cache_file
Cache read: Radiant.cache_file
Cache read: Radiant.cache_file
Cache read: Radiant.cache_file
Cache read: Radiant.cache_mtime
Cache read: Radiant.cache_file
Cache read: Radiant::Config
  [4;35;1mSnippet Load (2.1ms)[0m   [0mSELECT * FROM `snippets` ORDER BY name[0m
Rendering template within layouts/application
Rendering admin/snippets/index
  [4;36;1mSnippet Columns (2.4ms)[0m   [0;1mSHOW FIELDS FROM `snippets`[0m
  [4;35;1mSQL (1.1ms)[0m   [0mSHOW TABLES[0m
Cache read: Radiant.cache_file
Cache read: Radiant.cache_file
Cache read: Radiant.cache_file
Cache read: Radiant.cache_file
Cache read: Radiant.cache_mtime
Cache read: Radiant.cache_file
Cache read: Radiant::Config
  [4;36;1mSQL (0.6ms)[0m   [0;1mSHOW TABLES[0m
Cache read: Radiant.cache_file
Cache read: Radiant.cache_file
Cache read: Radiant.cache_file
Cache read: Radiant.cache_file
Cache read: Radiant.cache_mtime
Cache read: Radiant.cache_file
Cache read: Radiant::Config
  [4;35;1mSQL (3.3ms)[0m   [0mSHOW TABLES[0m
Cache read: Radiant.cache_file
Cache read: Radiant.cache_file
Cache read: Radiant.cache_file
Cache read: Radiant.cache_file
Cache read: Radiant.cache_mtime
Cache read: Radiant.cache_file
Cache read: Radiant::Config
  [4;36;1mSQL (0.9ms)[0m   [0;1mSHOW TABLES[0m
Cache read: Radiant.cache_file
Cache read: Radiant.cache_file
Cache read: Radiant.cache_file
Cache read: Radiant.cache_file
Cache read: Radiant.cache_mtime
Cache read: Radiant.cache_file
Cache read: Radiant::Config
Completed in 101ms (View: 70, DB: 15) | 200 OK [http://localhost/admin/snippets]
  [4;35;1mSQL (0.6ms)[0m   [0mSHOW TABLES[0m
  [4;36;1mPage Columns (14.7ms)[0m   [0;1mSHOW FIELDS FROM `pages`[0m
  [4;35;1mSQL (4.3ms)[0m   [0mSELECT DISTINCT class_name FROM pages WHERE class_name <> '' AND class_name IS NOT NULL[0m
  [4;36;1mSQL (0.1ms)[0m   [0;1mSET SQL_AUTO_IS_NULL=0[0m


Processing Admin::LayoutsController#index (for 127.0.0.1 at 2009-09-10 17:07:44) [GET]
  Parameters: {"action"=>"index", "controller"=>"admin/layouts"}
  [4;35;1mUser Columns (2.4ms)[0m   [0mSHOW FIELDS FROM `users`[0m
  [4;36;1mUser Load (0.3ms)[0m   [0;1mSELECT * FROM `users` WHERE (`users`.`id` = 1) ORDER BY name[0m
  [4;35;1mSQL (0.5ms)[0m   [0mSHOW TABLES[0m
Cache read: Radiant.cache_file
Cache read: Radiant.cache_file
Cache read: Radiant.cache_file
Cache read: Radiant.cache_file
Cache read: Radiant.cache_mtime
Cache read: Radiant.cache_file
Cache read: Radiant::Config
  [4;36;1mLayout Load (0.4ms)[0m   [0;1mSELECT * FROM `layouts` ORDER BY name[0m
Rendering template within layouts/application
Rendering admin/layouts/index
  [4;35;1mLayout Columns (2.1ms)[0m   [0mSHOW FIELDS FROM `layouts`[0m
  [4;36;1mSQL (1.2ms)[0m   [0;1mSHOW TABLES[0m
Cache read: Radiant.cache_file
Cache read: Radiant.cache_file
Cache read: Radiant.cache_file
Cache read: Radiant.cache_file
Cache read: Radiant.cache_mtime
Cache read: Radiant.cache_file
Cache read: Radiant::Config
  [4;35;1mSQL (0.4ms)[0m   [0mSHOW TABLES[0m
Cache read: Radiant.cache_file
Cache read: Radiant.cache_file
Cache read: Radiant.cache_file
Cache read: Radiant.cache_file
Cache read: Radiant.cache_mtime
Cache read: Radiant.cache_file
Cache read: Radiant::Config
  [4;36;1mSQL (0.5ms)[0m   [0;1mSHOW TABLES[0m
Cache read: Radiant.cache_file
Cache read: Radiant.cache_file
Cache read: Radiant.cache_file
Cache read: Radiant.cache_file
Cache read: Radiant.cache_mtime
Cache read: Radiant.cache_file
Cache read: Radiant::Config
  [4;35;1mSQL (0.4ms)[0m   [0mSHOW TABLES[0m
Cache read: Radiant.cache_file
Cache read: Radiant.cache_file
Cache read: Radiant.cache_file
Cache read: Radiant.cache_file
Cache read: Radiant.cache_mtime
Cache read: Radiant.cache_file
Cache read: Radiant::Config
Completed in 51ms (View: 33, DB: 8) | 200 OK [http://localhost/admin/layouts]
  [4;36;1mSQL (0.5ms)[0m   [0;1mSHOW TABLES[0m
  [4;35;1mPage Columns (2.4ms)[0m   [0mSHOW FIELDS FROM `pages`[0m
  [4;36;1mSQL (0.6ms)[0m   [0;1mSELECT DISTINCT class_name FROM pages WHERE class_name <> '' AND class_name IS NOT NULL[0m
  [4;35;1mSQL (0.2ms)[0m   [0mSET SQL_AUTO_IS_NULL=0[0m


Processing Admin::UsersController#index (for 127.0.0.1 at 2009-09-10 17:07:50) [GET]
  Parameters: {"action"=>"index", "controller"=>"admin/users"}
  [4;36;1mUser Columns (2.4ms)[0m   [0;1mSHOW FIELDS FROM `users`[0m
  [4;35;1mUser Load (0.3ms)[0m   [0mSELECT * FROM `users` WHERE (`users`.`id` = 1) ORDER BY name[0m
  [4;36;1mSQL (0.7ms)[0m   [0;1mSHOW TABLES[0m
Cache read: Radiant.cache_file
Cache read: Radiant.cache_file
Cache read: Radiant.cache_file
Cache read: Radiant.cache_file
Cache read: Radiant.cache_mtime
Cache read: Radiant.cache_file
Cache read: Radiant::Config
  [4;35;1mUser Load (0.5ms)[0m   [0mSELECT * FROM `users` ORDER BY name[0m
Rendering template within layouts/application
Rendering admin/users/index
  [4;36;1mSQL (0.6ms)[0m   [0;1mSHOW TABLES[0m
Cache read: Radiant.cache_file
Cache read: Radiant.cache_file
Cache read: Radiant.cache_file
Cache read: Radiant.cache_file
Cache read: Radiant.cache_mtime
Cache read: Radiant.cache_file
Cache read: Radiant::Config
  [4;35;1mSQL (0.3ms)[0m   [0mSHOW TABLES[0m
Cache read: Radiant.cache_file
Cache read: Radiant.cache_file
Cache read: Radiant.cache_file
Cache read: Radiant.cache_file
Cache read: Radiant.cache_mtime
Cache read: Radiant.cache_file
Cache read: Radiant::Config
  [4;36;1mSQL (0.4ms)[0m   [0;1mSHOW TABLES[0m
Cache read: Radiant.cache_file
Cache read: Radiant.cache_file
Cache read: Radiant.cache_file
Cache read: Radiant.cache_file
Cache read: Radiant.cache_mtime
Cache read: Radiant.cache_file
Cache read: Radiant::Config
  [4;35;1mSQL (0.3ms)[0m   [0mSHOW TABLES[0m
Cache read: Radiant.cache_file
Cache read: Radiant.cache_file
Cache read: Radiant.cache_file
Cache read: Radiant.cache_file
Cache read: Radiant.cache_mtime
Cache read: Radiant.cache_file
Cache read: Radiant::Config
Completed in 44ms (View: 24, DB: 6) | 200 OK [http://localhost/admin/users]
  [4;36;1mSQL (0.7ms)[0m   [0;1mSHOW TABLES[0m
  [4;35;1mPage Columns (2.9ms)[0m   [0mSHOW FIELDS FROM `pages`[0m
  [4;36;1mSQL (1.7ms)[0m   [0;1mSELECT DISTINCT class_name FROM pages WHERE class_name <> '' AND class_name IS NOT NULL[0m
  [4;35;1mSQL (0.4ms)[0m   [0mSET SQL_AUTO_IS_NULL=0[0m


Processing Admin::ExtensionsController#index (for 127.0.0.1 at 2009-09-10 17:07:54) [GET]
  Parameters: {"action"=>"index", "controller"=>"admin/extensions"}
  [4;36;1mUser Columns (2.9ms)[0m   [0;1mSHOW FIELDS FROM `users`[0m
  [4;35;1mUser Load (0.4ms)[0m   [0mSELECT * FROM `users` WHERE (`users`.`id` = 1) ORDER BY name[0m
  [4;36;1mSQL (0.5ms)[0m   [0;1mSHOW TABLES[0m
Cache read: Radiant.cache_file
Cache read: Radiant.cache_file
Cache read: Radiant.cache_file
Cache read: Radiant.cache_file
Cache read: Radiant.cache_mtime
Cache read: Radiant.cache_file
Cache read: Radiant::Config
Rendering template within layouts/application
Rendering admin/extensions/index
  [4;35;1mSQL (0.6ms)[0m   [0mSHOW TABLES[0m
Cache read: Radiant.cache_file
Cache read: Radiant.cache_file
Cache read: Radiant.cache_file
Cache read: Radiant.cache_file
Cache read: Radiant.cache_mtime
Cache read: Radiant.cache_file
Cache read: Radiant::Config
  [4;36;1mSQL (0.7ms)[0m   [0;1mSHOW TABLES[0m
Cache read: Radiant.cache_file
Cache read: Radiant.cache_file
Cache read: Radiant.cache_file
Cache read: Radiant.cache_file
Cache read: Radiant.cache_mtime
Cache read: Radiant.cache_file
Cache read: Radiant::Config
  [4;35;1mSQL (0.4ms)[0m   [0mSHOW TABLES[0m
Cache read: Radiant.cache_file
Cache read: Radiant.cache_file
Cache read: Radiant.cache_file
Cache read: Radiant.cache_file
Cache read: Radiant.cache_mtime
Cache read: Radiant.cache_file
Cache read: Radiant::Config
  [4;36;1mSQL (0.4ms)[0m   [0;1mSHOW TABLES[0m
Cache read: Radiant.cache_file
Cache read: Radiant.cache_file
Cache read: Radiant.cache_file
Cache read: Radiant.cache_file
Cache read: Radiant.cache_mtime
Cache read: Radiant.cache_file
Cache read: Radiant::Config
Completed in 56ms (View: 28, DB: 6) | 200 OK [http://localhost/admin/extensions]
  [4;35;1mSQL (0.5ms)[0m   [0mSHOW TABLES[0m
  [4;36;1mPage Columns (2.4ms)[0m   [0;1mSHOW FIELDS FROM `pages`[0m
  [4;35;1mSQL (1.6ms)[0m   [0mSELECT DISTINCT class_name FROM pages WHERE class_name <> '' AND class_name IS NOT NULL[0m
  [4;36;1mSQL (0.6ms)[0m   [0;1mSET SQL_AUTO_IS_NULL=0[0m


Processing Admin::UsersController#index (for 127.0.0.1 at 2009-09-10 17:08:13) [GET]
  Parameters: {"action"=>"index", "controller"=>"admin/users"}
  [4;35;1mUser Columns (2.9ms)[0m   [0mSHOW FIELDS FROM `users`[0m
  [4;36;1mUser Load (0.3ms)[0m   [0;1mSELECT * FROM `users` WHERE (`users`.`id` = 1) ORDER BY name[0m
  [4;35;1mSQL (0.7ms)[0m   [0mSHOW TABLES[0m
Cache read: Radiant.cache_file
Cache read: Radiant.cache_file
Cache read: Radiant.cache_file
Cache read: Radiant.cache_file
Cache read: Radiant.cache_mtime
Cache read: Radiant.cache_file
Cache read: Radiant::Config
  [4;36;1mUser Load (3.6ms)[0m   [0;1mSELECT * FROM `users` ORDER BY name[0m
Rendering template within layouts/application
Rendering admin/users/index
  [4;35;1mSQL (0.6ms)[0m   [0mSHOW TABLES[0m
Cache read: Radiant.cache_file
Cache read: Radiant.cache_file
Cache read: Radiant.cache_file
Cache read: Radiant.cache_file
Cache read: Radiant.cache_mtime
Cache read: Radiant.cache_file
Cache read: Radiant::Config
  [4;36;1mSQL (0.3ms)[0m   [0;1mSHOW TABLES[0m
Cache read: Radiant.cache_file
Cache read: Radiant.cache_file
Cache read: Radiant.cache_file
Cache read: Radiant.cache_file
Cache read: Radiant.cache_mtime
Cache read: Radiant.cache_file
Cache read: Radiant::Config
  [4;35;1mSQL (0.4ms)[0m   [0mSHOW TABLES[0m
Cache read: Radiant.cache_file
Cache read: Radiant.cache_file
Cache read: Radiant.cache_file
Cache read: Radiant.cache_file
Cache read: Radiant.cache_mtime
Cache read: Radiant.cache_file
Cache read: Radiant::Config
  [4;36;1mSQL (0.5ms)[0m   [0;1mSHOW TABLES[0m
Cache read: Radiant.cache_file
Cache read: Radiant.cache_file
Cache read: Radiant.cache_file
Cache read: Radiant.cache_file
Cache read: Radiant.cache_mtime
Cache read: Radiant.cache_file
Cache read: Radiant::Config
Completed in 31ms (View: 12, DB: 10) | 200 OK [http://localhost/admin/users]
  [4;35;1mSQL (0.7ms)[0m   [0mSHOW TABLES[0m
  [4;36;1mPage Columns (2.6ms)[0m   [0;1mSHOW FIELDS FROM `pages`[0m
  [4;35;1mSQL (0.6ms)[0m   [0mSELECT DISTINCT class_name FROM pages WHERE class_name <> '' AND class_name IS NOT NULL[0m
  [4;36;1mSQL (0.1ms)[0m   [0;1mSET SQL_AUTO_IS_NULL=0[0m


Processing Admin::PagesController#index (for 127.0.0.1 at 2009-09-10 17:08:16) [GET]
  Parameters: {"action"=>"index", "controller"=>"admin/pages"}
  [4;35;1mUser Columns (2.5ms)[0m   [0mSHOW FIELDS FROM `users`[0m
  [4;36;1mUser Load (1.6ms)[0m   [0;1mSELECT * FROM `users` WHERE (`users`.`id` = 1) ORDER BY name[0m
  [4;35;1mSQL (0.5ms)[0m   [0mSHOW TABLES[0m
Cache read: Radiant.cache_file
Cache read: Radiant.cache_file
Cache read: Radiant.cache_file
Cache read: Radiant.cache_file
Cache read: Radiant.cache_mtime
Cache read: Radiant.cache_file
Cache read: Radiant::Config
  [4;36;1mPage Load (0.4ms)[0m   [0;1mSELECT * FROM `pages` [0m
  [4;35;1mPage Load (0.5ms)[0m   [0mSELECT * FROM `pages` WHERE (`pages`.`parent_id` IS NULL) LIMIT 1[0m
Rendering template within layouts/application
Rendering admin/pages/index
  [4;36;1mSQL (0.4ms)[0m   [0;1mSELECT count(*) AS count_all FROM `pages` WHERE (`pages`.parent_id = 1) [0m
  [4;35;1mCACHE (0.0ms)[0m   [0mSELECT count(*) AS count_all FROM `pages` WHERE (`pages`.parent_id = 1) [0m
  [4;36;1mPage Load (2.5ms)[0m   [0;1mSELECT * FROM `pages` WHERE (`pages`.parent_id = 1) ORDER BY virtual DESC, title ASC[0m
  [4;35;1mFileNotFoundPage Columns (2.9ms)[0m   [0mSHOW FIELDS FROM `pages`[0m
  [4;36;1mSQL (0.4ms)[0m   [0;1mSELECT count(*) AS count_all FROM `pages` WHERE (`pages`.parent_id = 2) [0m
  [4;35;1mPage Load (0.4ms)[0m   [0mSELECT * FROM `pages` WHERE (`pages`.`id` = 1) [0m
Rendered admin/pages/_node (8.0ms)
  [4;36;1mSQL (0.4ms)[0m   [0;1mSELECT count(*) AS count_all FROM `pages` WHERE (`pages`.parent_id = 9) [0m
  [4;35;1mCACHE (0.0ms)[0m   [0mSELECT * FROM `pages` WHERE (`pages`.`id` = 1) [0m
Rendered admin/pages/_node (6.1ms)
  [4;36;1mArchivePage Columns (2.4ms)[0m   [0;1mSHOW FIELDS FROM `pages`[0m
  [4;35;1mSQL (0.4ms)[0m   [0mSELECT count(*) AS count_all FROM `pages` WHERE (`pages`.parent_id = 4) [0m
  [4;36;1mCACHE (0.0ms)[0m   [0;1mSELECT count(*) AS count_all FROM `pages` WHERE (`pages`.parent_id = 4) [0m
  [4;35;1mCACHE (0.0ms)[0m   [0mSELECT * FROM `pages` WHERE (`pages`.`id` = 1) [0m
Rendered admin/pages/_node (7.5ms)
  [4;36;1mSQL (0.4ms)[0m   [0;1mSELECT count(*) AS count_all FROM `pages` WHERE (`pages`.parent_id = 12) [0m
  [4;35;1mCACHE (0.0ms)[0m   [0mSELECT * FROM `pages` WHERE (`pages`.`id` = 1) [0m
Rendered admin/pages/_node (6.5ms)
  [4;36;1mSQL (0.4ms)[0m   [0;1mSELECT count(*) AS count_all FROM `pages` WHERE (`pages`.parent_id = 14) [0m
  [4;35;1mCACHE (0.0ms)[0m   [0mSELECT * FROM `pages` WHERE (`pages`.`id` = 1) [0m
Rendered admin/pages/_node (6.1ms)
  [4;36;1mSQL (0.4ms)[0m   [0;1mSELECT count(*) AS count_all FROM `pages` WHERE (`pages`.parent_id = 3) [0m
  [4;35;1mCACHE (0.0ms)[0m   [0mSELECT * FROM `pages` WHERE (`pages`.`id` = 1) [0m
Rendered admin/pages/_node (79.2ms)
  [4;36;1mSQL (0.4ms)[0m   [0;1mSELECT count(*) AS count_all FROM `pages` WHERE (`pages`.parent_id = 11) [0m
  [4;35;1mCACHE (0.0ms)[0m   [0mSELECT * FROM `pages` WHERE (`pages`.`id` = 1) [0m
Rendered admin/pages/_node (6.8ms)
  [4;36;1mSQL (0.4ms)[0m   [0;1mSELECT count(*) AS count_all FROM `pages` WHERE (`pages`.parent_id = 7) [0m
  [4;35;1mCACHE (0.0ms)[0m   [0mSELECT * FROM `pages` WHERE (`pages`.`id` = 1) [0m
Rendered admin/pages/_node (6.9ms)
  [4;36;1mSQL (0.4ms)[0m   [0;1mSELECT count(*) AS count_all FROM `pages` WHERE (`pages`.parent_id = 13) [0m
  [4;35;1mCACHE (0.0ms)[0m   [0mSELECT * FROM `pages` WHERE (`pages`.`id` = 1) [0m
Rendered admin/pages/_node (6.2ms)
Rendered admin/pages/_node (174.8ms)
  [4;36;1mSQL (0.5ms)[0m   [0;1mSHOW TABLES[0m
Cache read: Radiant.cache_file
Cache read: Radiant.cache_file
Cache read: Radiant.cache_file
Cache read: Radiant.cache_file
Cache read: Radiant.cache_mtime
Cache read: Radiant.cache_file
Cache read: Radiant::Config
  [4;35;1mSQL (0.3ms)[0m   [0mSHOW TABLES[0m
Cache read: Radiant.cache_file
Cache read: Radiant.cache_file
Cache read: Radiant.cache_file
Cache read: Radiant.cache_file
Cache read: Radiant.cache_mtime
Cache read: Radiant.cache_file
Cache read: Radiant::Config
  [4;36;1mSQL (0.4ms)[0m   [0;1mSHOW TABLES[0m
Cache read: Radiant.cache_file
Cache read: Radiant.cache_file
Cache read: Radiant.cache_file
Cache read: Radiant.cache_file
Cache read: Radiant.cache_mtime
Cache read: Radiant.cache_file
Cache read: Radiant::Config
  [4;35;1mSQL (0.3ms)[0m   [0mSHOW TABLES[0m
Cache read: Radiant.cache_file
Cache read: Radiant.cache_file
Cache read: Radiant.cache_file
Cache read: Radiant.cache_file
Cache read: Radiant.cache_mtime
Cache read: Radiant.cache_file
Cache read: Radiant::Config
Completed in 203ms (View: 174, DB: 19) | 200 OK [http://localhost/admin/pages]
  [4;36;1mSQL (0.7ms)[0m   [0;1mSHOW TABLES[0m
  [4;35;1mPage Columns (2.4ms)[0m   [0mSHOW FIELDS FROM `pages`[0m
  [4;36;1mSQL (0.5ms)[0m   [0;1mSELECT DISTINCT class_name FROM pages WHERE class_name <> '' AND class_name IS NOT NULL[0m
  [4;35;1mSQL (0.1ms)[0m   [0mSET SQL_AUTO_IS_NULL=0[0m


Processing Admin::PagesController#index (for 127.0.0.1 at 2009-09-10 17:08:19) [GET]
  Parameters: {"page_id"=>"4", "action"=>"index", "level"=>"1", "controller"=>"admin/pages"}
  [4;36;1mUser Columns (2.5ms)[0m   [0;1mSHOW FIELDS FROM `users`[0m
  [4;35;1mUser Load (0.4ms)[0m   [0mSELECT * FROM `users` WHERE (`users`.`id` = 1) ORDER BY name[0m
  [4;36;1mSQL (0.5ms)[0m   [0;1mSHOW TABLES[0m
Cache read: Radiant.cache_file
Cache read: Radiant.cache_file
Cache read: Radiant.cache_file
Cache read: Radiant.cache_file
Cache read: Radiant.cache_mtime
Cache read: Radiant.cache_file
Cache read: Radiant::Config
  [4;35;1mPage Load (0.3ms)[0m   [0mSELECT * FROM `pages` WHERE (`pages`.`id` = 4) [0m
  [4;36;1mArchivePage Columns (2.7ms)[0m   [0;1mSHOW FIELDS FROM `pages`[0m
  [4;35;1mPage Load (8.0ms)[0m   [0mSELECT * FROM `pages` WHERE (`pages`.parent_id = 4) ORDER BY virtual DESC, title ASC[0m
  [4;36;1mCACHE (0.0ms)[0m   [0;1mSELECT * FROM `pages` WHERE (`pages`.`id` = 4) [0m
  [4;35;1mPage Load (0.5ms)[0m   [0mSELECT * FROM `pages` WHERE (`pages`.`parent_id` IS NULL) LIMIT 1[0m
Rendering admin/pages/children
  [4;36;1mCACHE (0.0ms)[0m   [0;1mSELECT * FROM `pages` WHERE (`pages`.`id` = 4) [0m
  [4;35;1mArchiveMonthIndexPage Columns (2.5ms)[0m   [0mSHOW FIELDS FROM `pages`[0m
  [4;36;1mSQL (0.3ms)[0m   [0;1mSELECT count(*) AS count_all FROM `pages` WHERE (`pages`.parent_id = 10) [0m
  [4;35;1mCACHE (0.0ms)[0m   [0mSELECT * FROM `pages` WHERE (`pages`.`id` = 4) [0m
  [4;36;1mPage Load (0.4ms)[0m   [0;1mSELECT * FROM `pages` WHERE (`pages`.`id` = 1) [0m
Rendered admin/pages/_node (39.7ms)
  [4;35;1mSQL (0.4ms)[0m   [0mSELECT count(*) AS count_all FROM `pages` WHERE (`pages`.parent_id = 6) [0m
  [4;36;1mCACHE (0.0ms)[0m   [0;1mSELECT * FROM `pages` WHERE (`pages`.`id` = 4) [0m
  [4;35;1mCACHE (0.0ms)[0m   [0mSELECT * FROM `pages` WHERE (`pages`.`id` = 1) [0m
Rendered admin/pages/_node (12.8ms)
  [4;36;1mSQL (0.4ms)[0m   [0;1mSELECT count(*) AS count_all FROM `pages` WHERE (`pages`.parent_id = 5) [0m
  [4;35;1mCACHE (0.0ms)[0m   [0mSELECT * FROM `pages` WHERE (`pages`.`id` = 4) [0m
  [4;36;1mCACHE (0.0ms)[0m   [0;1mSELECT * FROM `pages` WHERE (`pages`.`id` = 1) [0m
Rendered admin/pages/_node (13.4ms)
  [4;35;1mSQL (0.4ms)[0m   [0mSELECT count(*) AS count_all FROM `pages` WHERE (`pages`.parent_id = 8) [0m
  [4;36;1mCACHE (0.0ms)[0m   [0;1mSELECT * FROM `pages` WHERE (`pages`.`id` = 4) [0m
  [4;35;1mCACHE (0.0ms)[0m   [0mSELECT * FROM `pages` WHERE (`pages`.`id` = 1) [0m
Rendered admin/pages/_node (14.5ms)
Completed in 119ms (View: 87, DB: 20) | 200 OK [http://localhost/admin/pages/4/children?level=1]
  [4;36;1mSQL (0.5ms)[0m   [0;1mSHOW TABLES[0m
  [4;35;1mPage Columns (2.6ms)[0m   [0mSHOW FIELDS FROM `pages`[0m
  [4;36;1mSQL (1.1ms)[0m   [0;1mSELECT DISTINCT class_name FROM pages WHERE class_name <> '' AND class_name IS NOT NULL[0m
  [4;35;1mSQL (0.1ms)[0m   [0mSET SQL_AUTO_IS_NULL=0[0m


Processing Admin::SnippetsController#index (for 127.0.0.1 at 2009-09-10 17:08:35) [GET]
  Parameters: {"action"=>"index", "controller"=>"admin/snippets"}
  [4;36;1mUser Columns (2.4ms)[0m   [0;1mSHOW FIELDS FROM `users`[0m
  [4;35;1mUser Load (0.4ms)[0m   [0mSELECT * FROM `users` WHERE (`users`.`id` = 1) ORDER BY name[0m
  [4;36;1mSQL (0.5ms)[0m   [0;1mSHOW TABLES[0m
Cache read: Radiant.cache_file
Cache read: Radiant.cache_file
Cache read: Radiant.cache_file
Cache read: Radiant.cache_file
Cache read: Radiant.cache_mtime
Cache read: Radiant.cache_file
Cache read: Radiant::Config
  [4;35;1mSnippet Load (0.6ms)[0m   [0mSELECT * FROM `snippets` ORDER BY name[0m
Rendering template within layouts/application
Rendering admin/snippets/index
  [4;36;1mSnippet Columns (2.2ms)[0m   [0;1mSHOW FIELDS FROM `snippets`[0m
  [4;35;1mSQL (1.0ms)[0m   [0mSHOW TABLES[0m
Cache read: Radiant.cache_file
Cache read: Radiant.cache_file
Cache read: Radiant.cache_file
Cache read: Radiant.cache_file
Cache read: Radiant.cache_mtime
Cache read: Radiant.cache_file
Cache read: Radiant::Config
  [4;36;1mSQL (0.6ms)[0m   [0;1mSHOW TABLES[0m
Cache read: Radiant.cache_file
Cache read: Radiant.cache_file
Cache read: Radiant.cache_file
Cache read: Radiant.cache_file
Cache read: Radiant.cache_mtime
Cache read: Radiant.cache_file
Cache read: Radiant::Config
  [4;35;1mSQL (0.8ms)[0m   [0mSHOW TABLES[0m
Cache read: Radiant.cache_file
Cache read: Radiant.cache_file
Cache read: Radiant.cache_file
Cache read: Radiant.cache_file
Cache read: Radiant.cache_mtime
Cache read: Radiant.cache_file
Cache read: Radiant::Config
  [4;36;1mSQL (0.8ms)[0m   [0;1mSHOW TABLES[0m
Cache read: Radiant.cache_file
Cache read: Radiant.cache_file
Cache read: Radiant.cache_file
Cache read: Radiant.cache_file
Cache read: Radiant.cache_mtime
Cache read: Radiant.cache_file
Cache read: Radiant::Config
Completed in 58ms (View: 40, DB: 9) | 200 OK [http://localhost/admin/snippets]
  [4;35;1mSQL (0.7ms)[0m   [0mSHOW TABLES[0m
  [4;36;1mPage Columns (20.1ms)[0m   [0;1mSHOW FIELDS FROM `pages`[0m
  [4;35;1mSQL (11.6ms)[0m   [0mSELECT DISTINCT class_name FROM pages WHERE class_name <> '' AND class_name IS NOT NULL[0m
  [4;36;1mSQL (0.1ms)[0m   [0;1mSET SQL_AUTO_IS_NULL=0[0m


Processing Admin::LayoutsController#index (for 127.0.0.1 at 2009-09-10 17:08:41) [GET]
  Parameters: {"action"=>"index", "controller"=>"admin/layouts"}
  [4;35;1mUser Columns (2.2ms)[0m   [0mSHOW FIELDS FROM `users`[0m
  [4;36;1mUser Load (113.1ms)[0m   [0;1mSELECT * FROM `users` WHERE (`users`.`id` = 1) ORDER BY name[0m
  [4;35;1mSQL (0.6ms)[0m   [0mSHOW TABLES[0m
Cache read: Radiant.cache_file
Cache read: Radiant.cache_file
Cache read: Radiant.cache_file
Cache read: Radiant.cache_file
Cache read: Radiant.cache_mtime
Cache read: Radiant.cache_file
Cache read: Radiant::Config
  [4;36;1mLayout Load (0.5ms)[0m   [0;1mSELECT * FROM `layouts` ORDER BY name[0m
Rendering template within layouts/application
Rendering admin/layouts/index
  [4;35;1mLayout Columns (37.5ms)[0m   [0mSHOW FIELDS FROM `layouts`[0m
  [4;36;1mSQL (0.7ms)[0m   [0;1mSHOW TABLES[0m
Cache read: Radiant.cache_file
Cache read: Radiant.cache_file
Cache read: Radiant.cache_file
Cache read: Radiant.cache_file
Cache read: Radiant.cache_mtime
Cache read: Radiant.cache_file
Cache read: Radiant::Config
  [4;35;1mSQL (2.2ms)[0m   [0mSHOW TABLES[0m
Cache read: Radiant.cache_file
Cache read: Radiant.cache_file
Cache read: Radiant.cache_file
Cache read: Radiant.cache_file
Cache read: Radiant.cache_mtime
Cache read: Radiant.cache_file
Cache read: Radiant::Config
  [4;36;1mSQL (0.5ms)[0m   [0;1mSHOW TABLES[0m
Cache read: Radiant.cache_file
Cache read: Radiant.cache_file
Cache read: Radiant.cache_file
Cache read: Radiant.cache_file
Cache read: Radiant.cache_mtime
Cache read: Radiant.cache_file
Cache read: Radiant::Config
  [4;35;1mSQL (0.4ms)[0m   [0mSHOW TABLES[0m
Cache read: Radiant.cache_file
Cache read: Radiant.cache_file
Cache read: Radiant.cache_file
Cache read: Radiant.cache_file
Cache read: Radiant.cache_mtime
Cache read: Radiant.cache_file
Cache read: Radiant::Config
Completed in 191ms (View: 20, DB: 158) | 200 OK [http://localhost/admin/layouts]
  [4;36;1mSQL (0.5ms)[0m   [0;1mSHOW TABLES[0m
  [4;35;1mPage Columns (5.7ms)[0m   [0mSHOW FIELDS FROM `pages`[0m
  [4;36;1mSQL (22.8ms)[0m   [0;1mSELECT DISTINCT class_name FROM pages WHERE class_name <> '' AND class_name IS NOT NULL[0m
